\BOOKMARK [-1][-]{chapter*.2}{Remerciement}{}% 1
\BOOKMARK [0][-]{chapter*.5}{Table des figures}{chapter*.2}% 2
\BOOKMARK [0][-]{chapter*.6}{Liste des tableaux}{chapter*.2}% 3
\BOOKMARK [-1][-]{chapter*.6}{Liste des Acronymes}{}% 4
\BOOKMARK [-1][-]{chapter*.7}{Introduction G\351n\351rale}{}% 5
\BOOKMARK [-1][-]{part.1}{I \311tat de l'art}{}% 6
\BOOKMARK [0][-]{chapter.1}{Educational data minig}{part.1}% 7
\BOOKMARK [1][-]{section.1.1}{Introduction}{chapter.1}% 8
\BOOKMARK [1][-]{section.1.2}{Data mining}{chapter.1}% 9
\BOOKMARK [2][-]{subsection.1.2.1}{D\351finition}{section.1.2}% 10
\BOOKMARK [2][-]{subsection.1.2.2}{Les m\351thodes du data mining}{section.1.2}% 11
\BOOKMARK [1][-]{section.1.3}{Intelligent Tutorial Systems \(ITS\)}{chapter.1}% 12
\BOOKMARK [2][-]{subsection.1.3.1}{D\351finition}{section.1.3}% 13
\BOOKMARK [2][-]{subsection.1.3.2}{ITS architecture}{section.1.3}% 14
\BOOKMARK [1][-]{section.1.4}{Educational Data mining}{chapter.1}% 15
\BOOKMARK [2][-]{subsection.1.4.1}{D\351finition}{section.1.4}% 16
\BOOKMARK [2][-]{subsection.1.4.2}{Processus d'application du DM en \351ducation}{section.1.4}% 17
\BOOKMARK [3][-]{subsubsection.1.4.2.1}{Les m\351thodes d\220analyse et d\220exploration appliquer dans EDM}{subsection.1.4.2}% 18
\BOOKMARK [4][-]{paragraph.1.4.2.1.1}{L'induction de mod\350le supervis\351e}{subsubsection.1.4.2.1}% 19
\BOOKMARK [4][-]{paragraph.1.4.2.1.2}{L'induction de mod\350le non supervis\351e}{subsubsection.1.4.2.1}% 20
\BOOKMARK [4][-]{paragraph.1.4.2.1.3}{L'estimation des param\350tres}{subsubsection.1.4.2.1}% 21
\BOOKMARK [4][-]{paragraph.1.4.2.1.4}{L'exploration de relations \(Relationship mining\)}{subsubsection.1.4.2.1}% 22
\BOOKMARK [4][-]{paragraph.1.4.2.1.5}{La distillation des donn\351es pour le jugement humain \(Distillation of data for human judgment\)}{subsubsection.1.4.2.1}% 23
\BOOKMARK [4][-]{paragraph.1.4.2.1.6}{Discovery with models}{subsubsection.1.4.2.1}% 24
\BOOKMARK [1][-]{section.1.5}{Conclusion}{chapter.1}% 25
\BOOKMARK [0][-]{chapter.2}{Mod\350le de l'apprenant et d\351couverte des pr\351requis}{part.1}% 26
\BOOKMARK [1][-]{section.2.1}{Introduction}{chapter.2}% 27
\BOOKMARK [1][-]{section.2.2}{Learner Model}{chapter.2}% 28
\BOOKMARK [2][-]{subsection.2.2.1}{D\351finition}{section.2.2}% 29
\BOOKMARK [2][-]{subsection.2.2.2}{Caract\351ristiques des m\351thodes utilis\351es pour la mod\351lisation de l'apprenant}{section.2.2}% 30
\BOOKMARK [2][-]{subsection.2.2.3}{Composantes du mod\350le de l'apprenant}{section.2.2}% 31
\BOOKMARK [3][-]{subsubsection.2.2.3.1}{Mod\350le cognitif}{subsection.2.2.3}% 32
\BOOKMARK [3][-]{subsubsection.2.2.3.2}{Mod\350le d'inf\351rence}{subsection.2.2.3}% 33
\BOOKMARK [3][-]{subsubsection.2.2.3.3}{Mod\350le \351motionnel}{subsection.2.2.3}% 34
\BOOKMARK [2][-]{subsection.2.2.4}{Utilitaire du mod\350le de l'apprenant}{section.2.2}% 35
\BOOKMARK [2][-]{subsection.2.2.5}{Types de mod\350les d'apprentissage}{section.2.2}% 36
\BOOKMARK [2][-]{subsection.2.2.6}{Contenu du mod\350le de l'apprenant}{section.2.2}% 37
\BOOKMARK [1][-]{section.2.3}{Mod\350le de comp\351tence}{chapter.2}% 38
\BOOKMARK [2][-]{subsection.2.3.1}{Granularit\351}{section.2.3}% 39
\BOOKMARK [2][-]{subsection.2.3.2}{Relations pr\351-requises}{section.2.3}% 40
\BOOKMARK [1][-]{section.2.4}{D\351couverte des pr\351requis}{chapter.2}% 41
\BOOKMARK [1][-]{section.2.5}{Conclusion}{chapter.2}% 42
\BOOKMARK [0][-]{chapter.3}{L'approche items-to-skills mapping}{part.1}% 43
\BOOKMARK [1][-]{section.3.1}{Introduction}{chapter.3}% 44
\BOOKMARK [1][-]{section.3.2}{Knowledge}{chapter.3}% 45
\BOOKMARK [2][-]{subsection.3.2.1}{D\351finition}{section.3.2}% 46
\BOOKMARK [2][-]{subsection.3.2.2}{Knowledge component}{section.3.2}% 47
\BOOKMARK [2][-]{subsection.3.2.3}{Les types de composante de connaissance}{section.3.2}% 48
\BOOKMARK [1][-]{section.3.3}{Items-to-skills mapping}{chapter.3}% 49
\BOOKMARK [2][-]{subsection.3.3.1}{D\351finition}{section.3.3}% 50
\BOOKMARK [2][-]{subsection.3.3.2}{items-to-skills mapping Structure}{section.3.3}% 51
\BOOKMARK [3][-]{subsubsection.3.3.2.1}{Model-Based approach}{subsection.3.3.2}% 52
\BOOKMARK [4][-]{paragraph.3.3.2.1.1}{D\351finition}{subsubsection.3.3.2.1}% 53
\BOOKMARK [4][-]{paragraph.3.3.2.1.2}{Model Based Techniques}{subsubsection.3.3.2.1}% 54
\BOOKMARK [2][-]{subsection.3.3.3}{Similarity-based approach}{section.3.3}% 55
\BOOKMARK [3][-]{subsubsection.3.3.3.1}{D\351finition}{subsection.3.3.3}% 56
\BOOKMARK [3][-]{subsubsection.3.3.3.2}{Processus de similarit\351 des items \(\351l\351ments\)}{subsection.3.3.3}% 57
\BOOKMARK [4][-]{paragraph.3.3.3.2.1}{Input Data}{subsubsection.3.3.3.2}% 58
\BOOKMARK [4][-]{paragraph.3.3.3.2.2}{Computed Data}{subsubsection.3.3.3.2}% 59
\BOOKMARK [3][-]{subsubsection.3.3.3.3}{Item-Similarity measures}{subsection.3.3.3}% 60
\BOOKMARK [1][-]{section.3.4}{Related work}{chapter.3}% 61
\BOOKMARK [1][-]{section.3.5}{Conclusion}{chapter.3}% 62
\BOOKMARK [0][-]{chapter.4}{Inf\351rence bay\351sienne et la th\351orie de la r\351ponse aux items}{part.1}% 63
\BOOKMARK [1][-]{section.4.1}{Introduction}{chapter.4}% 64
\BOOKMARK [1][-]{section.4.2}{Inf\351rence bay\351sienne}{chapter.4}% 65
\BOOKMARK [2][-]{subsection.4.2.1}{D\351finition}{section.4.2}% 66
\BOOKMARK [2][-]{subsection.4.2.2}{probabilit\351 conditionnelle et th\351or\350me de bayes}{section.4.2}% 67
\BOOKMARK [2][-]{subsection.4.2.3}{L\220approche Bay\351sienne}{section.4.2}% 68
\BOOKMARK [2][-]{subsection.4.2.4}{Th\351or\350me de bayes dans la cadre de l\220application de l\220approche Bay\351sienne}{section.4.2}% 69
\BOOKMARK [3][-]{subsubsection.4.2.4.1}{Posterior distribution}{subsection.4.2.4}% 70
\BOOKMARK [3][-]{subsubsection.4.2.4.2}{Likelihood}{subsection.4.2.4}% 71
\BOOKMARK [3][-]{subsubsection.4.2.4.3}{Prior distribution}{subsection.4.2.4}% 72
\BOOKMARK [3][-]{subsubsection.4.2.4.4}{Chaine de Markov Monte Carlo \(MCMC\)}{subsection.4.2.4}% 73
\BOOKMARK [4][-]{paragraph.4.2.4.4.1}{Th\351or\350me de convergence des cha\356nes de Markov entezari2018bayesian meyn2012markov rosenthal2006first}{subsubsection.4.2.4.4}% 74
\BOOKMARK [4][-]{paragraph.4.2.4.4.2}{Algorithme de Metropolis-Hastings}{subsubsection.4.2.4.4}% 75
\BOOKMARK [4][-]{paragraph.4.2.4.4.3}{Hamiltonian Monte Carlo}{subsubsection.4.2.4.4}% 76
\BOOKMARK [4][-]{paragraph.4.2.4.4.4}{No-U-Turn Sampler}{subsubsection.4.2.4.4}% 77
\BOOKMARK [2][-]{subsection.4.2.5}{M\351thodes de v\351rifications et de comparaison de mod\350les}{section.4.2}% 78
\BOOKMARK [1][-]{section.4.3}{La th\351orie des r\351ponses aux items}{chapter.4}% 79
\BOOKMARK [2][-]{subsection.4.3.1}{IRT dans la recherche organisationnelle}{section.4.3}% 80
\BOOKMARK [2][-]{subsection.4.3.2}{Les Mod\350les IRT}{section.4.3}% 81
\BOOKMARK [3][-]{subsubsection.4.3.2.1}{Le mod\350le Rasch}{subsection.4.3.2}% 82
\BOOKMARK [3][-]{subsubsection.4.3.2.2}{Mod\350le logistique \340 deux param\350tres}{subsection.4.3.2}% 83
\BOOKMARK [3][-]{subsubsection.4.3.2.3}{Mod\350le logistique \340 trois param\350tres}{subsection.4.3.2}% 84
\BOOKMARK [2][-]{subsection.4.3.3}{Estimation des param\350tres}{section.4.3}% 85
\BOOKMARK [1][-]{section.4.4}{Un ajustement bay\351sien des r\351ponses aux items avec Stan}{chapter.4}% 86
\BOOKMARK [2][-]{subsection.4.4.1}{IRT avec Stan}{section.4.4}% 87
\BOOKMARK [3][-]{subsubsection.4.4.1.1}{D\351claration des donn\351es}{subsection.4.4.1}% 88
\BOOKMARK [3][-]{subsubsection.4.4.1.2}{Les param\350tres du model de Rasch, 2PL et 3PL}{subsection.4.4.1}% 89
\BOOKMARK [3][-]{subsubsection.4.4.1.3}{Le model de Rasch, 2PL et 3PL}{subsection.4.4.1}% 90
\BOOKMARK [3][-]{subsubsection.4.4.1.4}{Pr\351diction post\351rieure}{subsection.4.4.1}% 91
\BOOKMARK [1][-]{section.4.5}{Conclusion}{chapter.4}% 92
\BOOKMARK [0][-]{chapter.5}{Clustering Hard et Soft}{part.1}% 93
\BOOKMARK [1][-]{section.5.1}{Introduction}{chapter.5}% 94
\BOOKMARK [1][-]{section.5.2}{Les m\351triques}{chapter.5}% 95
\BOOKMARK [1][-]{section.5.3}{Crit\350re de liaison}{chapter.5}% 96
\BOOKMARK [2][-]{subsection.5.3.1}{Distance inter-cluster}{section.5.3}% 97
\BOOKMARK [3][-]{subsubsection.5.3.1.1}{Distance de liaison unique}{subsection.5.3.1}% 98
\BOOKMARK [3][-]{subsubsection.5.3.1.2}{Distance de liaison compl\350te}{subsection.5.3.1}% 99
\BOOKMARK [3][-]{subsubsection.5.3.1.3}{Distance de liaison moyenne}{subsection.5.3.1}% 100
\BOOKMARK [3][-]{subsubsection.5.3.1.4}{Centro\357de Linkage Distance}{subsection.5.3.1}% 101
\BOOKMARK [3][-]{subsubsection.5.3.1.5}{Distance de liaison moyenne du centre de gravit\351}{subsection.5.3.1}% 102
\BOOKMARK [2][-]{subsection.5.3.2}{Distance intra-cluster}{section.5.3}% 103
\BOOKMARK [3][-]{subsubsection.5.3.2.1}{Distance de diam\350tre complet}{subsection.5.3.2}% 104
\BOOKMARK [3][-]{subsubsection.5.3.2.2}{Distance de diam\350tre moyen}{subsection.5.3.2}% 105
\BOOKMARK [3][-]{subsubsection.5.3.2.3}{Diam\350tre barycentre Distance}{subsection.5.3.2}% 106
\BOOKMARK [1][-]{section.5.4}{Le clustering hi\351rarchique}{chapter.5}% 107
\BOOKMARK [2][-]{subsection.5.4.1}{Introduction}{section.5.4}% 108
\BOOKMARK [2][-]{subsection.5.4.2}{Clustering hi\351rarchique agglom\351ratif}{section.5.4}% 109
\BOOKMARK [3][-]{subsubsection.5.4.2.1}{Exemple de clustering agglom\351ratif}{subsection.5.4.2}% 110
\BOOKMARK [2][-]{subsection.5.4.3}{Clustering hi\351rarchique divisive}{section.5.4}% 111
\BOOKMARK [2][-]{subsection.5.4.4}{Proc\351dures de fractionnement des clusters}{section.5.4}% 112
\BOOKMARK [2][-]{subsection.5.4.5}{Evaluations des bipartitions}{section.5.4}% 113
\BOOKMARK [2][-]{subsection.5.4.6}{D\351terminations de niveaux de n\234uds }{section.5.4}% 114
\BOOKMARK [2][-]{subsection.5.4.7}{Conclusion}{section.5.4}% 115
\BOOKMARK [1][-]{section.5.5}{Le clustering partitionnel}{chapter.5}% 116
\BOOKMARK [2][-]{subsection.5.5.1}{K-means clustering}{section.5.5}% 117
\BOOKMARK [3][-]{subsubsection.5.5.1.1}{Le fonctionnement de l\220algorithme k-means}{subsection.5.5.1}% 118
\BOOKMARK [3][-]{subsubsection.5.5.1.2}{Les \351tapes de l\220algorithme}{subsection.5.5.1}% 119
\BOOKMARK [3][-]{subsubsection.5.5.1.3}{Les lacunes de l\220algorithme k-means}{subsection.5.5.1}% 120
\BOOKMARK [3][-]{subsubsection.5.5.1.4}{Les solutions aux lacunes de l\220algorithme k-means}{subsection.5.5.1}% 121
\BOOKMARK [1][-]{section.5.6}{Fuzzy clustering}{chapter.5}% 122
\BOOKMARK [2][-]{subsection.5.6.1}{Introduction}{section.5.6}% 123
\BOOKMARK [2][-]{subsection.5.6.2}{Fuzzy C-means clustering :}{section.5.6}% 124
\BOOKMARK [3][-]{subsubsection.5.6.2.1}{Algorithme FCM :}{subsection.5.6.2}% 125
\BOOKMARK [2][-]{subsection.5.6.3}{Conclusion}{section.5.6}% 126
\BOOKMARK [1][-]{section.5.7}{Les autres m\351thodes de clustering}{chapter.5}% 127
\BOOKMARK [1][-]{section.5.8}{La diff\351rence entre le clustering hi\351rarchique, partitionnel et Fuzzy clustering}{chapter.5}% 128
\BOOKMARK [1][-]{section.5.9}{Indice de validit\351 du clustering}{chapter.5}% 129
\BOOKMARK [1][-]{section.5.10}{Conclusion}{chapter.5}% 130
\BOOKMARK [-1][-]{part.2}{II Contributions}{}% 131
\BOOKMARK [0][-]{chapter.6}{Contribution and Results}{part.2}% 132
\BOOKMARK [1][-]{section.6.1}{Introduction}{chapter.6}% 133
\BOOKMARK [1][-]{section.6.2}{Approche propos\351e}{chapter.6}% 134
\BOOKMARK [1][-]{section.6.3}{Impl\351mentations et r\351sultats exp\351rimentaux}{chapter.6}% 135
\BOOKMARK [2][-]{subsection.6.3.1}{Outils de d\351veloppement}{section.6.3}% 136
\BOOKMARK [3][-]{subsubsection.6.3.1.1}{Materiels}{subsection.6.3.1}% 137
\BOOKMARK [3][-]{subsubsection.6.3.1.2}{Outils et packages}{subsection.6.3.1}% 138
\BOOKMARK [2][-]{subsection.6.3.2}{Collecte et pr\351paration des donn\351es}{section.6.3}% 139
\BOOKMARK [2][-]{subsection.6.3.3}{Mod\350le IRT pour une inf\351rence bay\351sienne}{section.6.3}% 140
\BOOKMARK [3][-]{subsubsection.6.3.3.1}{Sp\351cification et chargement du mod\350le}{subsection.6.3.3}% 141
\BOOKMARK [3][-]{subsubsection.6.3.3.2}{Compilation du mod\350le et \351chantillonnage }{subsection.6.3.3}% 142
\BOOKMARK [3][-]{subsubsection.6.3.3.3}{R\351sultats d\220\351chantillonnage, diagnostique du mod\350le, pr\351diction et validation}{subsection.6.3.3}% 143
\BOOKMARK [2][-]{subsection.6.3.4}{Clustering hard et soft de la matrice de similarit\351}{section.6.3}% 144
\BOOKMARK [3][-]{subsubsection.6.3.4.1}{Cr\351ation de la matrice de similarit\351}{subsection.6.3.4}% 145
\BOOKMARK [3][-]{subsubsection.6.3.4.2}{Analyse en composantes principales \(ACP\)}{subsection.6.3.4}% 146
\BOOKMARK [4][-]{paragraph.6.3.4.2.1}{Visualisation de donn\351es}{subsubsection.6.3.4.2}% 147
\BOOKMARK [4][-]{paragraph.6.3.4.2.2}{Compression de donn\351es}{subsubsection.6.3.4.2}% 148
\BOOKMARK [3][-]{subsubsection.6.3.4.3}{Clustering hard}{subsection.6.3.4}% 149
\BOOKMARK [4][-]{paragraph.6.3.4.3.1}{Clustering hi\351rarchique agglom\351rative}{subsubsection.6.3.4.3}% 150
\BOOKMARK [3][-]{subsubsection.6.3.4.4}{Clustering Soft}{subsection.6.3.4}% 151
\BOOKMARK [3][-]{subsubsection.6.3.4.5}{Validation du clustering}{subsection.6.3.4}% 152
\BOOKMARK [1][-]{section.6.4}{Conclusion}{chapter.6}% 153
\BOOKMARK [-1][-]{section.6.4}{Conclusion G\351n\351rale}{}% 154
\BOOKMARK [0][-]{chapter*.66}{Bibliographie}{section.6.4}% 155
