This is pdfTeX, Version 3.14159265-2.6-1.40.21 (MiKTeX 20.12) (preloaded format=pdflatex 2021.2.13)  6 JUL 2021 05:57
entering extended mode
**d:/codeSourceFolder/1111____PFE/pfe_memoire/main.tex
(d:/codeSourceFolder/1111____PFE/pfe_memoire/main.tex
LaTeX2e <2020-10-01> patch level 2
L3 programming layer <2020-12-07> xparse <2020-03-03> (C:\Users\abdou\AppData\Local\Programs\MiKTeX\tex/latex/base\report.cls
Document Class: report 2020/04/10 v1.4m Standard LaTeX document class
(C:\Users\abdou\AppData\Local\Programs\MiKTeX\tex/latex/base\size12.clo
File: size12.clo 2020/04/10 v1.4m Standard LaTeX file (size option)
)
\c@part=\count177
\c@chapter=\count178
\c@section=\count179
\c@subsection=\count180
\c@subsubsection=\count181
\c@paragraph=\count182
\c@subparagraph=\count183
\c@figure=\count184
\c@table=\count185
\abovecaptionskip=\skip47
\belowcaptionskip=\skip48
\bibindent=\dimen138
) (C:\Users\abdou\AppData\Local\Programs\MiKTeX\tex/generic/babel\babel.sty
Package: babel 2020/12/16 3.52 The Babel package
 (C:\Users\abdou\AppData\Local\Programs\MiKTeX\tex/generic/babel\babel.def
File: babel.def 2020/12/16 3.52 Babel common definitions
\babel@savecnt=\count186
\U@D=\dimen139
\l@babelnohyphens=\language79
 (C:\Users\abdou\AppData\Local\Programs\MiKTeX\tex/generic/babel\txtbabel.def)
\bbl@readstream=\read2
)
\bbl@dirlevel=\count187

*************************************
* Local config file bblopts.cfg used
*
(C:\Users\abdou\AppData\Local\Programs\MiKTeX\tex/latex/arabi\bblopts.cfg
File: bblopts.cfg 2005/09/08 v0.1 add Arabic and Farsi to "declared" options of babel
) (C:\Users\abdou\AppData\Local\Programs\MiKTeX\tex/generic/babel-french\french.ldf
Language: french 2020/10/10 v3.5l French support from the babel system
Package babel Info: \l@acadian = using hyphenrules for french
(babel)             (\language22) on input line 91.
Package babel Info: \l@canadien = using hyphenrules for french
(babel)             (\language22) on input line 92.
\FB@nonchar=\count188
Package babel Info: Making : an active character on input line 430.
Package babel Info: Making ; an active character on input line 431.
Package babel Info: Making ! an active character on input line 432.
Package babel Info: Making ? an active character on input line 433.
\FBguill@level=\count189
\FBold@everypar=\toks15
\FB@Mht=\dimen140
\mc@charclass=\count190
\mc@charfam=\count191
\mc@charslot=\count192
\std@mcc=\count193
\dec@mcc=\count194
\listindentFB=\dimen141
\descindentFB=\dimen142
\labelindentFB=\dimen143
\labelwidthFB=\dimen144
\leftmarginFB=\dimen145
\parindentFFN=\dimen146
\FBfnindent=\dimen147
) (C:\Users\abdou\AppData\Local\Programs\MiKTeX\tex/latex/babel-english\english.ldf
Language: english 2017/06/06 v3.3r English support from the babel system
Package babel Info: \l@canadian = using hyphenrules for english
(babel)             (\language0) on input line 102.
Package babel Info: \l@australian = using hyphenrules for ukenglish
(babel)             (\language73) on input line 105.
Package babel Info: \l@newzealand = using hyphenrules for ukenglish
(babel)             (\language73) on input line 108.
)) (C:\Users\abdou\AppData\Local\Programs\MiKTeX\tex/latex/carlisle\scalefnt.sty) (C:\Users\abdou\AppData\Local\Programs\MiKTeX\tex/latex/graphics\keyval.sty
Package: keyval 2014/10/28 v1.15 key=value parser (DPC)
\KV@toks@=\toks16
) (C:\Users\abdou\AppData\Local\Programs\MiKTeX\tex/latex/tocbibind\tocbibind.sty
Package: tocbibind 2010/10/13 v1.5k extra ToC listings
Package tocbibind Info: The document has chapter divisions on input line 50.


Package tocbibind Note: Using chapter style headings, unless overridden.

) (C:\Users\abdou\AppData\Local\Programs\MiKTeX\tex/latex/enumitem\enumitem.sty
Package: enumitem 2019/06/20 v3.9 Customized lists
\labelindent=\skip49
\enit@outerparindent=\dimen148
\enit@toks=\toks17
\enit@inbox=\box47
\enit@count@id=\count195
\enitdp@description=\count196
) (C:\Users\abdou\AppData\Local\Programs\MiKTeX\tex/latex/pgf/frontendlayer\tikz.sty (C:\Users\abdou\AppData\Local\Programs\MiKTeX\tex/latex/pgf/basiclayer\pgf.sty (C:\Users\abdou\AppData\Local\Programs\MiKTeX\tex/latex/pgf/utilities\pgfrcs.sty (C:\Users\abdou\AppData\Local\Programs\MiKTeX\tex/generic/pgf/utilities\pgfutil-common.tex
\pgfutil@everybye=\toks18
\pgfutil@tempdima=\dimen149
\pgfutil@tempdimb=\dimen150
 (C:\Users\abdou\AppData\Local\Programs\MiKTeX\tex/generic/pgf/utilities\pgfutil-common-lists.tex)) (C:\Users\abdou\AppData\Local\Programs\MiKTeX\tex/generic/pgf/utilities\pgfutil-latex.def
\pgfutil@abb=\box48
) (C:\Users\abdou\AppData\Local\Programs\MiKTeX\tex/generic/pgf/utilities\pgfrcs.code.tex (C:\Users\abdou\AppData\Local\Programs\MiKTeX\tex/generic/pgf\pgf.revision.tex)
Package: pgfrcs 2020/12/01 v3.1.7a (3.1.7a)
))
Package: pgf 2020/12/01 v3.1.7a (3.1.7a)
 (C:\Users\abdou\AppData\Local\Programs\MiKTeX\tex/latex/pgf/basiclayer\pgfcore.sty (C:\Users\abdou\AppData\Local\Programs\MiKTeX\tex/latex/graphics\graphicx.sty
Package: graphicx 2020/09/09 v1.2b Enhanced LaTeX Graphics (DPC,SPQR)
 (C:\Users\abdou\AppData\Local\Programs\MiKTeX\tex/latex/graphics\graphics.sty
Package: graphics 2020/08/30 v1.4c Standard LaTeX Graphics (DPC,SPQR)
 (C:\Users\abdou\AppData\Local\Programs\MiKTeX\tex/latex/graphics\trig.sty
Package: trig 2016/01/03 v1.10 sin cos tan (DPC)
) (C:\Users\abdou\AppData\Local\Programs\MiKTeX\tex/latex/graphics-cfg\graphics.cfg
File: graphics.cfg 2016/06/04 v1.11 sample graphics configuration
)
Package graphics Info: Driver file: pdftex.def on input line 105.
 (C:\Users\abdou\AppData\Local\Programs\MiKTeX\tex/latex/graphics-def\pdftex.def
File: pdftex.def 2020/10/05 v1.2a Graphics/color driver for pdftex
))
\Gin@req@height=\dimen151
\Gin@req@width=\dimen152
) (C:\Users\abdou\AppData\Local\Programs\MiKTeX\tex/latex/pgf/systemlayer\pgfsys.sty (C:\Users\abdou\AppData\Local\Programs\MiKTeX\tex/generic/pgf/systemlayer\pgfsys.code.tex
Package: pgfsys 2020/12/01 v3.1.7a (3.1.7a)
 (C:\Users\abdou\AppData\Local\Programs\MiKTeX\tex/generic/pgf/utilities\pgfkeys.code.tex
\pgfkeys@pathtoks=\toks19
\pgfkeys@temptoks=\toks20
 (C:\Users\abdou\AppData\Local\Programs\MiKTeX\tex/generic/pgf/utilities\pgfkeysfiltered.code.tex
\pgfkeys@tmptoks=\toks21
))
\pgf@x=\dimen153
\pgf@y=\dimen154
\pgf@xa=\dimen155
\pgf@ya=\dimen156
\pgf@xb=\dimen157
\pgf@yb=\dimen158
\pgf@xc=\dimen159
\pgf@yc=\dimen160
\pgf@xd=\dimen161
\pgf@yd=\dimen162
\w@pgf@writea=\write3
\r@pgf@reada=\read3
\c@pgf@counta=\count197
\c@pgf@countb=\count198
\c@pgf@countc=\count199
\c@pgf@countd=\count266
\t@pgf@toka=\toks22
\t@pgf@tokb=\toks23
\t@pgf@tokc=\toks24
\pgf@sys@id@count=\count267
 (C:\Users\abdou\AppData\Local\Programs\MiKTeX\tex/generic/pgf/systemlayer\pgf.cfg
File: pgf.cfg 2020/12/01 v3.1.7a (3.1.7a)
)
Driver file for pgf: pgfsys-pdftex.def
 (C:\Users\abdou\AppData\Local\Programs\MiKTeX\tex/generic/pgf/systemlayer\pgfsys-pdftex.def
File: pgfsys-pdftex.def 2020/12/01 v3.1.7a (3.1.7a)
 (C:\Users\abdou\AppData\Local\Programs\MiKTeX\tex/generic/pgf/systemlayer\pgfsys-common-pdf.def
File: pgfsys-common-pdf.def 2020/12/01 v3.1.7a (3.1.7a)
))) (C:\Users\abdou\AppData\Local\Programs\MiKTeX\tex/generic/pgf/systemlayer\pgfsyssoftpath.code.tex
File: pgfsyssoftpath.code.tex 2020/12/01 v3.1.7a (3.1.7a)
\pgfsyssoftpath@smallbuffer@items=\count268
\pgfsyssoftpath@bigbuffer@items=\count269
) (C:\Users\abdou\AppData\Local\Programs\MiKTeX\tex/generic/pgf/systemlayer\pgfsysprotocol.code.tex
File: pgfsysprotocol.code.tex 2020/12/01 v3.1.7a (3.1.7a)
)) (C:\Users\abdou\AppData\Local\Programs\MiKTeX\tex/latex/xcolor\xcolor.sty
Package: xcolor 2016/05/11 v2.12 LaTeX color extensions (UK)
 (C:\Users\abdou\AppData\Local\Programs\MiKTeX\tex/latex/graphics-cfg\color.cfg
File: color.cfg 2016/01/02 v1.6 sample color configuration
)
Package xcolor Info: Driver file: pdftex.def on input line 225.
Package xcolor Info: Model `cmy' substituted by `cmy0' on input line 1348.
Package xcolor Info: Model `hsb' substituted by `rgb' on input line 1352.
Package xcolor Info: Model `RGB' extended on input line 1364.
Package xcolor Info: Model `HTML' substituted by `rgb' on input line 1366.
Package xcolor Info: Model `Hsb' substituted by `hsb' on input line 1367.
Package xcolor Info: Model `tHsb' substituted by `hsb' on input line 1368.
Package xcolor Info: Model `HSB' substituted by `hsb' on input line 1369.
Package xcolor Info: Model `Gray' substituted by `gray' on input line 1370.
Package xcolor Info: Model `wave' substituted by `hsb' on input line 1371.
) (C:\Users\abdou\AppData\Local\Programs\MiKTeX\tex/generic/pgf/basiclayer\pgfcore.code.tex
Package: pgfcore 2020/12/01 v3.1.7a (3.1.7a)
 (C:\Users\abdou\AppData\Local\Programs\MiKTeX\tex/generic/pgf/math\pgfmath.code.tex (C:\Users\abdou\AppData\Local\Programs\MiKTeX\tex/generic/pgf/math\pgfmathcalc.code.tex (C:\Users\abdou\AppData\Local\Programs\MiKTeX\tex/generic/pgf/math\pgfmathutil.code.tex) (C:\Users\abdou\AppData\Local\Programs\MiKTeX\tex/generic/pgf/math\pgfmathparser.code.tex
\pgfmath@dimen=\dimen163
\pgfmath@count=\count270
\pgfmath@box=\box49
\pgfmath@toks=\toks25
\pgfmath@stack@operand=\toks26
\pgfmath@stack@operation=\toks27
) (C:\Users\abdou\AppData\Local\Programs\MiKTeX\tex/generic/pgf/math\pgfmathfunctions.code.tex (C:\Users\abdou\AppData\Local\Programs\MiKTeX\tex/generic/pgf/math\pgfmathfunctions.basic.code.tex) (C:\Users\abdou\AppData\Local\Programs\MiKTeX\tex/generic/pgf/math\pgfmathfunctions.trigonometric.code.tex) (C:\Users\abdou\AppData\Local\Programs\MiKTeX\tex/generic/pgf/math\pgfmathfunctions.random.code.tex) (C:\Users\abdou\AppData\Local\Programs\MiKTeX\tex/generic/pgf/math\pgfmathfunctions.comparison.code.tex) (C:\Users\abdou\AppData\Local\Programs\MiKTeX\tex/generic/pgf/math\pgfmathfunctions.base.code.tex) (C:\Users\abdou\AppData\Local\Programs\MiKTeX\tex/generic/pgf/math\pgfmathfunctions.round.code.tex) (C:\Users\abdou\AppData\Local\Programs\MiKTeX\tex/generic/pgf/math\pgfmathfunctions.misc.code.tex) (C:\Users\abdou\AppData\Local\Programs\MiKTeX\tex/generic/pgf/math\pgfmathfunctions.integerarithmetics.code.tex))) (C:\Users\abdou\AppData\Local\Programs\MiKTeX\tex/generic/pgf/math\pgfmathfloat.code.tex
\c@pgfmathroundto@lastzeros=\count271
)) (C:\Users\abdou\AppData\Local\Programs\MiKTeX\tex/generic/pgf/math\pgfint.code.tex) (C:\Users\abdou\AppData\Local\Programs\MiKTeX\tex/generic/pgf/basiclayer\pgfcorepoints.code.tex
File: pgfcorepoints.code.tex 2020/12/01 v3.1.7a (3.1.7a)
\pgf@picminx=\dimen164
\pgf@picmaxx=\dimen165
\pgf@picminy=\dimen166
\pgf@picmaxy=\dimen167
\pgf@pathminx=\dimen168
\pgf@pathmaxx=\dimen169
\pgf@pathminy=\dimen170
\pgf@pathmaxy=\dimen171
\pgf@xx=\dimen172
\pgf@xy=\dimen173
\pgf@yx=\dimen174
\pgf@yy=\dimen175
\pgf@zx=\dimen176
\pgf@zy=\dimen177
) (C:\Users\abdou\AppData\Local\Programs\MiKTeX\tex/generic/pgf/basiclayer\pgfcorepathconstruct.code.tex
File: pgfcorepathconstruct.code.tex 2020/12/01 v3.1.7a (3.1.7a)
\pgf@path@lastx=\dimen178
\pgf@path@lasty=\dimen179
) (C:\Users\abdou\AppData\Local\Programs\MiKTeX\tex/generic/pgf/basiclayer\pgfcorepathusage.code.tex
File: pgfcorepathusage.code.tex 2020/12/01 v3.1.7a (3.1.7a)
\pgf@shorten@end@additional=\dimen180
\pgf@shorten@start@additional=\dimen181
) (C:\Users\abdou\AppData\Local\Programs\MiKTeX\tex/generic/pgf/basiclayer\pgfcorescopes.code.tex
File: pgfcorescopes.code.tex 2020/12/01 v3.1.7a (3.1.7a)
\pgfpic=\box50
\pgf@hbox=\box51
\pgf@layerbox@main=\box52
\pgf@picture@serial@count=\count272
) (C:\Users\abdou\AppData\Local\Programs\MiKTeX\tex/generic/pgf/basiclayer\pgfcoregraphicstate.code.tex
File: pgfcoregraphicstate.code.tex 2020/12/01 v3.1.7a (3.1.7a)
\pgflinewidth=\dimen182
) (C:\Users\abdou\AppData\Local\Programs\MiKTeX\tex/generic/pgf/basiclayer\pgfcoretransformations.code.tex
File: pgfcoretransformations.code.tex 2020/12/01 v3.1.7a (3.1.7a)
\pgf@pt@x=\dimen183
\pgf@pt@y=\dimen184
\pgf@pt@temp=\dimen185
) (C:\Users\abdou\AppData\Local\Programs\MiKTeX\tex/generic/pgf/basiclayer\pgfcorequick.code.tex
File: pgfcorequick.code.tex 2020/12/01 v3.1.7a (3.1.7a)
) (C:\Users\abdou\AppData\Local\Programs\MiKTeX\tex/generic/pgf/basiclayer\pgfcoreobjects.code.tex
File: pgfcoreobjects.code.tex 2020/12/01 v3.1.7a (3.1.7a)
) (C:\Users\abdou\AppData\Local\Programs\MiKTeX\tex/generic/pgf/basiclayer\pgfcorepathprocessing.code.tex
File: pgfcorepathprocessing.code.tex 2020/12/01 v3.1.7a (3.1.7a)
) (C:\Users\abdou\AppData\Local\Programs\MiKTeX\tex/generic/pgf/basiclayer\pgfcorearrows.code.tex
File: pgfcorearrows.code.tex 2020/12/01 v3.1.7a (3.1.7a)
\pgfarrowsep=\dimen186
) (C:\Users\abdou\AppData\Local\Programs\MiKTeX\tex/generic/pgf/basiclayer\pgfcoreshade.code.tex
File: pgfcoreshade.code.tex 2020/12/01 v3.1.7a (3.1.7a)
\pgf@max=\dimen187
\pgf@sys@shading@range@num=\count273
\pgf@shadingcount=\count274
) (C:\Users\abdou\AppData\Local\Programs\MiKTeX\tex/generic/pgf/basiclayer\pgfcoreimage.code.tex
File: pgfcoreimage.code.tex 2020/12/01 v3.1.7a (3.1.7a)
 (C:\Users\abdou\AppData\Local\Programs\MiKTeX\tex/generic/pgf/basiclayer\pgfcoreexternal.code.tex
File: pgfcoreexternal.code.tex 2020/12/01 v3.1.7a (3.1.7a)
\pgfexternal@startupbox=\box53
)) (C:\Users\abdou\AppData\Local\Programs\MiKTeX\tex/generic/pgf/basiclayer\pgfcorelayers.code.tex
File: pgfcorelayers.code.tex 2020/12/01 v3.1.7a (3.1.7a)
) (C:\Users\abdou\AppData\Local\Programs\MiKTeX\tex/generic/pgf/basiclayer\pgfcoretransparency.code.tex
File: pgfcoretransparency.code.tex 2020/12/01 v3.1.7a (3.1.7a)
) (C:\Users\abdou\AppData\Local\Programs\MiKTeX\tex/generic/pgf/basiclayer\pgfcorepatterns.code.tex
File: pgfcorepatterns.code.tex 2020/12/01 v3.1.7a (3.1.7a)
) (C:\Users\abdou\AppData\Local\Programs\MiKTeX\tex/generic/pgf/basiclayer\pgfcorerdf.code.tex
File: pgfcorerdf.code.tex 2020/12/01 v3.1.7a (3.1.7a)
))) (C:\Users\abdou\AppData\Local\Programs\MiKTeX\tex/generic/pgf/modules\pgfmoduleshapes.code.tex
File: pgfmoduleshapes.code.tex 2020/12/01 v3.1.7a (3.1.7a)
\pgfnodeparttextbox=\box54
) (C:\Users\abdou\AppData\Local\Programs\MiKTeX\tex/generic/pgf/modules\pgfmoduleplot.code.tex
File: pgfmoduleplot.code.tex 2020/12/01 v3.1.7a (3.1.7a)
) (C:\Users\abdou\AppData\Local\Programs\MiKTeX\tex/latex/pgf/compatibility\pgfcomp-version-0-65.sty
Package: pgfcomp-version-0-65 2020/12/01 v3.1.7a (3.1.7a)
\pgf@nodesepstart=\dimen188
\pgf@nodesepend=\dimen189
) (C:\Users\abdou\AppData\Local\Programs\MiKTeX\tex/latex/pgf/compatibility\pgfcomp-version-1-18.sty
Package: pgfcomp-version-1-18 2020/12/01 v3.1.7a (3.1.7a)
)) (C:\Users\abdou\AppData\Local\Programs\MiKTeX\tex/latex/pgf/utilities\pgffor.sty (C:\Users\abdou\AppData\Local\Programs\MiKTeX\tex/latex/pgf/utilities\pgfkeys.sty (C:\Users\abdou\AppData\Local\Programs\MiKTeX\tex/generic/pgf/utilities\pgfkeys.code.tex)) (C:\Users\abdou\AppData\Local\Programs\MiKTeX\tex/latex/pgf/math\pgfmath.sty (C:\Users\abdou\AppData\Local\Programs\MiKTeX\tex/generic/pgf/math\pgfmath.code.tex)) (C:\Users\abdou\AppData\Local\Programs\MiKTeX\tex/generic/pgf/utilities\pgffor.code.tex
Package: pgffor 2020/12/01 v3.1.7a (3.1.7a)
 (C:\Users\abdou\AppData\Local\Programs\MiKTeX\tex/generic/pgf/math\pgfmath.code.tex)
\pgffor@iter=\dimen190
\pgffor@skip=\dimen191
\pgffor@stack=\toks28
\pgffor@toks=\toks29
)) (C:\Users\abdou\AppData\Local\Programs\MiKTeX\tex/generic/pgf/frontendlayer/tikz\tikz.code.tex
Package: tikz 2020/12/01 v3.1.7a (3.1.7a)
 (C:\Users\abdou\AppData\Local\Programs\MiKTeX\tex/generic/pgf/libraries\pgflibraryplothandlers.code.tex
File: pgflibraryplothandlers.code.tex 2020/12/01 v3.1.7a (3.1.7a)
\pgf@plot@mark@count=\count275
\pgfplotmarksize=\dimen192
)
\tikz@lastx=\dimen193
\tikz@lasty=\dimen194
\tikz@lastxsaved=\dimen195
\tikz@lastysaved=\dimen196
\tikz@lastmovetox=\dimen197
\tikz@lastmovetoy=\dimen198
\tikzleveldistance=\dimen199
\tikzsiblingdistance=\dimen256
\tikz@figbox=\box55
\tikz@figbox@bg=\box56
\tikz@tempbox=\box57
\tikz@tempbox@bg=\box58
\tikztreelevel=\count276
\tikznumberofchildren=\count277
\tikznumberofcurrentchild=\count278
\tikz@fig@count=\count279
 (C:\Users\abdou\AppData\Local\Programs\MiKTeX\tex/generic/pgf/modules\pgfmodulematrix.code.tex
File: pgfmodulematrix.code.tex 2020/12/01 v3.1.7a (3.1.7a)
\pgfmatrixcurrentrow=\count280
\pgfmatrixcurrentcolumn=\count281
\pgf@matrix@numberofcolumns=\count282
)
\tikz@expandcount=\count283
 (C:\Users\abdou\AppData\Local\Programs\MiKTeX\tex/generic/pgf/frontendlayer/tikz/libraries\tikzlibrarytopaths.code.tex
File: tikzlibrarytopaths.code.tex 2020/12/01 v3.1.7a (3.1.7a)
))) (C:\Users\abdou\AppData\Local\Programs\MiKTeX\tex/latex/pgfplots\pgfplots.sty (C:\Users\abdou\AppData\Local\Programs\MiKTeX\tex/generic/pgfplots\pgfplots.revision.tex)
Package: pgfplots 2020/02/29 v1.17 Data Visualization (1.17)
 (C:\Users\abdou\AppData\Local\Programs\MiKTeX\tex/generic/pgfplots\pgfplots.code.tex (C:\Users\abdou\AppData\Local\Programs\MiKTeX\tex/generic/pgfplots\pgfplotscore.code.tex
\t@pgfplots@toka=\toks30
\t@pgfplots@tokb=\toks31
\t@pgfplots@tokc=\toks32
\pgfplots@tmpa=\dimen257
\c@pgfplots@coordindex=\count284
\c@pgfplots@scanlineindex=\count285
 (C:\Users\abdou\AppData\Local\Programs\MiKTeX\tex/generic/pgfplots/sys\pgfplotssysgeneric.code.tex)) (C:\Users\abdou\AppData\Local\Programs\MiKTeX\tex/generic/pgfplots/libs\pgfplotslibrary.code.tex) (C:\Users\abdou\AppData\Local\Programs\MiKTeX\tex/generic/pgfplots/oldpgfcompatib\pgfplotsoldpgfsupp_loader.code.tex (C:\Users\abdou\AppData\Local\Programs\MiKTeX\tex/generic/pgf/libraries\pgflibraryfpu.code.tex)) (C:\Users\abdou\AppData\Local\Programs\MiKTeX\tex/generic/pgfplots/util\pgfplotsutil.code.tex (C:\Users\abdou\AppData\Local\Programs\MiKTeX\tex/generic/pgfplots/liststructure\pgfplotsliststructure.code.tex) (C:\Users\abdou\AppData\Local\Programs\MiKTeX\tex/generic/pgfplots/liststructure\pgfplotsliststructureext.code.tex) (C:\Users\abdou\AppData\Local\Programs\MiKTeX\tex/generic/pgfplots/liststructure\pgfplotsarray.code.tex
\c@pgfplotsarray@tmp=\count286
) (C:\Users\abdou\AppData\Local\Programs\MiKTeX\tex/generic/pgfplots/liststructure\pgfplotsmatrix.code.tex) (C:\Users\abdou\AppData\Local\Programs\MiKTeX\tex/generic/pgfplots/numtable\pgfplotstableshared.code.tex
\c@pgfplotstable@counta=\count287
\t@pgfplotstable@a=\toks33
) (C:\Users\abdou\AppData\Local\Programs\MiKTeX\tex/generic/pgfplots/liststructure\pgfplotsdeque.code.tex) (C:\Users\abdou\AppData\Local\Programs\MiKTeX\tex/generic/pgfplots/util\pgfplotsbinary.code.tex (C:\Users\abdou\AppData\Local\Programs\MiKTeX\tex/generic/pgfplots/util\pgfplotsbinary.data.code.tex)) (C:\Users\abdou\AppData\Local\Programs\MiKTeX\tex/generic/pgfplots/util\pgfplotsutil.verb.code.tex) (C:\Users\abdou\AppData\Local\Programs\MiKTeX\tex/generic/pgfplots/libs\pgflibrarypgfplots.surfshading.code.tex
\c@pgfplotslibrarysurf@no=\count288
 (C:\Users\abdou\AppData\Local\Programs\MiKTeX\tex/generic/pgfplots/sys\pgflibrarypgfplots.surfshading.pgfsys-pdftex.def))) (C:\Users\abdou\AppData\Local\Programs\MiKTeX\tex/generic/pgfplots/util\pgfplotscolormap.code.tex (C:\Users\abdou\AppData\Local\Programs\MiKTeX\tex/generic/pgfplots/util\pgfplotscolor.code.tex)) (C:\Users\abdou\AppData\Local\Programs\MiKTeX\tex/generic/pgfplots\pgfplotsstackedplots.code.tex) (C:\Users\abdou\AppData\Local\Programs\MiKTeX\tex/generic/pgfplots\pgfplotsplothandlers.code.tex (C:\Users\abdou\AppData\Local\Programs\MiKTeX\tex/generic/pgfplots\pgfplotsmeshplothandler.code.tex (C:\Users\abdou\AppData\Local\Programs\MiKTeX\tex/generic/pgfplots\pgfplotsmeshplotimage.code.tex))) (C:\Users\abdou\AppData\Local\Programs\MiKTeX\tex/generic/pgfplots\pgfplots.scaling.code.tex) (C:\Users\abdou\AppData\Local\Programs\MiKTeX\tex/generic/pgfplots\pgfplotscoordprocessing.code.tex) (C:\Users\abdou\AppData\Local\Programs\MiKTeX\tex/generic/pgfplots\pgfplots.errorbars.code.tex) (C:\Users\abdou\AppData\Local\Programs\MiKTeX\tex/generic/pgfplots\pgfplots.markers.code.tex) (C:\Users\abdou\AppData\Local\Programs\MiKTeX\tex/generic/pgfplots\pgfplotsticks.code.tex)
(C:\Users\abdou\AppData\Local\Programs\MiKTeX\tex/generic/pgfplots\pgfplots.paths.code.tex) (C:\Users\abdou\AppData\Local\Programs\MiKTeX\tex/generic/pgf/frontendlayer/tikz/libraries\tikzlibrarydecorations.code.tex (C:\Users\abdou\AppData\Local\Programs\MiKTeX\tex/generic/pgf/modules\pgfmoduledecorations.code.tex
\pgfdecoratedcompleteddistance=\dimen258
\pgfdecoratedremainingdistance=\dimen259
\pgfdecoratedinputsegmentcompleteddistance=\dimen260
\pgfdecoratedinputsegmentremainingdistance=\dimen261
\pgf@decorate@distancetomove=\dimen262
\pgf@decorate@repeatstate=\count289
\pgfdecorationsegmentamplitude=\dimen263
\pgfdecorationsegmentlength=\dimen264
)
\tikz@lib@dec@box=\box59
) (C:\Users\abdou\AppData\Local\Programs\MiKTeX\tex/generic/pgf/frontendlayer/tikz/libraries\tikzlibrarydecorations.pathmorphing.code.tex (C:\Users\abdou\AppData\Local\Programs\MiKTeX\tex/generic/pgf/libraries/decorations\pgflibrarydecorations.pathmorphing.code.tex)) (C:\Users\abdou\AppData\Local\Programs\MiKTeX\tex/generic/pgf/frontendlayer/tikz/libraries\tikzlibrarydecorations.pathreplacing.code.tex (C:\Users\abdou\AppData\Local\Programs\MiKTeX\tex/generic/pgf/libraries/decorations\pgflibrarydecorations.pathreplacing.code.tex))
\pgfplots@numplots=\count290
\pgfplots@xmin@reg=\dimen265
\pgfplots@xmax@reg=\dimen266
\pgfplots@ymin@reg=\dimen267
\pgfplots@ymax@reg=\dimen268
\pgfplots@zmin@reg=\dimen269
\pgfplots@zmax@reg=\dimen270
) (C:\Users\abdou\AppData\Local\Programs\MiKTeX\tex/generic/pgf/frontendlayer/tikz/libraries\tikzlibraryplotmarks.code.tex
File: tikzlibraryplotmarks.code.tex 2020/12/01 v3.1.7a (3.1.7a)
 (C:\Users\abdou\AppData\Local\Programs\MiKTeX\tex/generic/pgf/libraries\pgflibraryplotmarks.code.tex
File: pgflibraryplotmarks.code.tex 2020/12/01 v3.1.7a (3.1.7a)
))) (C:\Users\abdou\AppData\Local\Programs\MiKTeX\tex/latex/tcolorbox\tcolorbox.sty
Package: tcolorbox 2020/10/09 version 4.42 text color boxes
 (C:\Users\abdou\AppData\Local\Programs\MiKTeX\tex/latex/tools\verbatim.sty
Package: verbatim 2019/11/10 v1.5r LaTeX2e package for verbatim enhancements
\every@verbatim=\toks34
\verbatim@line=\toks35
\verbatim@in@stream=\read4
) (C:\Users\abdou\AppData\Local\Programs\MiKTeX\tex/latex/environ\environ.sty
Package: environ 2014/05/04 v0.3 A new way to define environments
 (C:\Users\abdou\AppData\Local\Programs\MiKTeX\tex/latex/trimspaces\trimspaces.sty
Package: trimspaces 2009/09/17 v1.1 Trim spaces around a token list
)
\@envbody=\toks36
) (C:\Users\abdou\AppData\Local\Programs\MiKTeX\tex/latex/etoolbox\etoolbox.sty
Package: etoolbox 2020/10/05 v2.5k e-TeX tools for LaTeX (JAW)
\etb@tempcnta=\count291
)
\tcb@titlebox=\box60
\tcb@upperbox=\box61
\tcb@lowerbox=\box62
\tcb@phantombox=\box63
\c@tcbbreakpart=\count292
\c@tcblayer=\count293
\c@tcolorbox@number=\count294
\tcb@temp=\box64
\tcb@temp=\box65
\tcb@temp=\box66
\tcb@temp=\box67
\tcb@out=\write4
\tcb@record@out=\write5
) (C:\Users\abdou\AppData\Local\Programs\MiKTeX\tex/latex/listings\listings.sty
\lst@mode=\count295
\lst@gtempboxa=\box68
\lst@token=\toks37
\lst@length=\count296
\lst@currlwidth=\dimen271
\lst@column=\count297
\lst@pos=\count298
\lst@lostspace=\dimen272
\lst@width=\dimen273
\lst@newlines=\count299
\lst@lineno=\count300
\lst@maxwidth=\dimen274
 (C:\Users\abdou\AppData\Local\Programs\MiKTeX\tex/latex/listings\lstmisc.sty
File: lstmisc.sty 2020/03/24 1.8d (Carsten Heinz)
\c@lstnumber=\count301
\lst@skipnumbers=\count302
\lst@framebox=\box69
) (C:\Users\abdou\AppData\Local\Programs\MiKTeX\tex/latex/listings\listings.cfg
File: listings.cfg 2020/03/24 1.8d listings configuration
))
Package: listings 2020/03/24 1.8d (Carsten Heinz)
 (C:\Users\abdou\AppData\Local\Programs\MiKTeX\tex/latex/fancyhdr\fancyhdr.sty
Package: fancyhdr 2021/01/28 v4.0.1 Extensive control of page headers and footers
\f@nch@headwidth=\skip50
\f@nch@O@elh=\skip51
\f@nch@O@erh=\skip52
\f@nch@O@olh=\skip53
\f@nch@O@orh=\skip54
\f@nch@O@elf=\skip55
\f@nch@O@erf=\skip56
\f@nch@O@olf=\skip57
\f@nch@O@orf=\skip58
) (C:\Users\abdou\AppData\Local\Programs\MiKTeX\tex/latex/multirow\multirow.sty
Package: multirow 2019/05/31 v2.5 Span multiple rows of a table
\multirow@colwidth=\skip59
\multirow@cntb=\count303
\multirow@dima=\skip60
\bigstrutjot=\dimen275
) (C:\Users\abdou\AppData\Local\Programs\MiKTeX\tex/latex/booktabs\booktabs.sty
Package: booktabs 2020/01/12 v1.61803398 Publication quality tables
\heavyrulewidth=\dimen276
\lightrulewidth=\dimen277
\cmidrulewidth=\dimen278
\belowrulesep=\dimen279
\belowbottomsep=\dimen280
\aboverulesep=\dimen281
\abovetopsep=\dimen282
\cmidrulesep=\dimen283
\cmidrulekern=\dimen284
\defaultaddspace=\dimen285
\@cmidla=\count304
\@cmidlb=\count305
\@aboverulesep=\dimen286
\@belowrulesep=\dimen287
\@thisruleclass=\count306
\@lastruleclass=\count307
\@thisrulewidth=\dimen288
) (C:\Users\abdou\AppData\Local\Programs\MiKTeX\tex/latex/makecell\makecell.sty
Package: makecell 2009/08/03 V0.1e Managing of Tab Column Heads and Cells
 (C:\Users\abdou\AppData\Local\Programs\MiKTeX\tex/latex/tools\array.sty
Package: array 2019/08/31 v2.4l Tabular extension package (FMi)
\col@sep=\dimen289
\ar@mcellbox=\box70
\extrarowheight=\dimen290
\NC@list=\toks38
\extratabsurround=\skip61
\backup@length=\skip62
\ar@cellbox=\box71
)
\rotheadsize=\dimen291
\c@nlinenum=\count308
\TeXr@lab=\toks39
) (C:\Users\abdou\AppData\Local\Programs\MiKTeX\tex/latex/subfig\subfig.sty
Package: subfig 2005/06/28 ver: 1.3 subfig package
 (C:\Users\abdou\AppData\Local\Programs\MiKTeX\tex/latex/caption\caption.sty
Package: caption 2020/10/26 v3.5g Customizing captions (AR)
 (C:\Users\abdou\AppData\Local\Programs\MiKTeX\tex/latex/caption\caption3.sty
Package: caption3 2020/10/21 v2.2e caption3 kernel (AR)
\captionmargin=\dimen292
\captionmargin@=\dimen293
\captionwidth=\dimen294
\caption@tempdima=\dimen295
\caption@indent=\dimen296
\caption@parindent=\dimen297
\caption@hangindent=\dimen298
Package caption Info: Standard document class detected.
Package caption Info: french babel package is loaded.
)
\c@caption@flags=\count309
\c@continuedfloat=\count310
Package caption Info: listings package is loaded.
)
\c@KVtest=\count311
\sf@farskip=\skip63
\sf@captopadj=\dimen299
\sf@capskip=\skip64
\sf@nearskip=\skip65
\c@subfigure=\count312
\c@subfigure@save=\count313
\c@lofdepth=\count314
\c@subtable=\count315
\c@subtable@save=\count316
\c@lotdepth=\count317
\sf@top=\skip66
\sf@bottom=\skip67
) (C:\Users\abdou\AppData\Local\Programs\MiKTeX\tex/latex/lstbayes\lstbayes.sty
Package: lstbayes 2018/07/06 lstbayes listings language drivers for BUGS, JAGS, and Stan
) (C:\Users\abdou\AppData\Local\Programs\MiKTeX\tex/latex/colortbl\colortbl.sty
Package: colortbl 2020/01/04 v1.0e Color table columns (DPC)
\everycr=\toks40
\minrowclearance=\skip68
) (C:\Users\abdou\AppData\Local\Programs\MiKTeX\tex/latex/spreadtab\spreadtab.sty
Package: spreadtab 2019/02/27 v0.5 Spreadsheet features for table environments (CT)
 (C:\Users\abdou\AppData\Local\Programs\MiKTeX\tex/latex/xstring\xstring.sty (C:\Users\abdou\AppData\Local\Programs\MiKTeX\tex/generic/xstring\xstring.tex
\integerpart=\count318
\decimalpart=\count319
)
Package: xstring 2019/02/06 v1.83 String manipulations (CT)
) (C:\Users\abdou\AppData\Local\Programs\MiKTeX\tex/latex/fp\fp.sty
Package: fp 1995/04/02
 `Fixed Point Package', Version 0.8, April 2, 1995 (C) Michael Mehlich (C:\Users\abdou\AppData\Local\Programs\MiKTeX\tex/latex/fp\defpattern.sty
Package: defpattern 1994/10/12
\actioncount=\count320
) (C:\Users\abdou\AppData\Local\Programs\MiKTeX\tex/latex/fp\fp-basic.sty
Package: fp-basic 1996/05/13
\FP@xs=\count321
\FP@xia=\count322
\FP@xib=\count323
\FP@xfa=\count324
\FP@xfb=\count325
\FP@rega=\count326
\FP@regb=\count327
\FP@regs=\count328
\FP@times=\count329
) (C:\Users\abdou\AppData\Local\Programs\MiKTeX\tex/latex/fp\fp-addons.sty
Package: fp-addons 1995/03/15
) (C:\Users\abdou\AppData\Local\Programs\MiKTeX\tex/latex/fp\fp-snap.sty
Package: fp-snap 1995/04/05
) (C:\Users\abdou\AppData\Local\Programs\MiKTeX\tex/latex/fp\fp-exp.sty
Package: fp-exp 1995/04/03
) (C:\Users\abdou\AppData\Local\Programs\MiKTeX\tex/latex/fp\fp-trigo.sty
Package: fp-trigo 1995/04/14
) (C:\Users\abdou\AppData\Local\Programs\MiKTeX\tex/latex/fp\fp-pas.sty
Package: fp-pas 1994/08/29
) (C:\Users\abdou\AppData\Local\Programs\MiKTeX\tex/latex/fp\fp-random.sty
Package: fp-random 1995/02/23
\FPseed=\count330
) (C:\Users\abdou\AppData\Local\Programs\MiKTeX\tex/latex/fp\fp-eqn.sty
Package: fp-eqn 1995/04/03
) (C:\Users\abdou\AppData\Local\Programs\MiKTeX\tex/latex/fp\fp-upn.sty
Package: fp-upn 1996/10/21
) (C:\Users\abdou\AppData\Local\Programs\MiKTeX\tex/latex/fp\fp-eval.sty
Package: fp-eval 1995/04/03
)) spreadtab message: FP calc engine now active
\ST@count=\count331
\ST@colcount=\count332
\ST@colcount@i=\count333
\ST@rowcount=\count334
\ST@rowcount@i=\count335
\ST@intpart=\count336
) (C:\Users\abdou\AppData\Local\Programs\MiKTeX\tex/latex/slashbox\slashbox.sty
slashbox style by K.Yasuoka, May 1993.
\@slashboxa=\box72
\@slashboxb=\box73
\@slashboxc=\box74
\@slashboxwd=\count337
\@slashboxht=\count338
\@slashsepl=\dimen300
\@slashsepr=\dimen301
) (C:\Users\abdou\AppData\Local\Programs\MiKTeX\tex/latex/fancybox\fancybox.sty
Package: fancybox 2010/05/15 1.4

Style option: `fancybox' v1.4 <2010/05/15> (tvz)
\@fancybox=\box75
\shadowsize=\dimen302
\@Sbox=\box76
\do@VerbBox=\toks41
\the@fancyput=\toks42
\this@fancyput=\toks43
\EndVerbatimTokens=\toks44
\Verbatim@Outfile=\write6
\Verbatim@Infile=\read5
) (C:\Users\abdou\AppData\Local\Programs\MiKTeX\tex/latex/ctable\ctable.sty
Package: ctable 2015/10/17 v1.31 ctable package for flexible typesetting of table and figure floats using key/value directives
 (C:\Users\abdou\AppData\Local\Programs\MiKTeX\tex/generic/iftex\ifpdf.sty
Package: ifpdf 2019/10/25 v3.4 ifpdf legacy package. Use iftex instead.
 (C:\Users\abdou\AppData\Local\Programs\MiKTeX\tex/generic/iftex\iftex.sty
Package: iftex 2020/03/06 v1.0d TeX engine tests
)) (C:\Users\abdou\AppData\Local\Programs\MiKTeX\tex/latex/xkeyval\xkeyval.sty
Package: xkeyval 2020/11/20 v2.8 package option processing (HA)
 (C:\Users\abdou\AppData\Local\Programs\MiKTeX\tex/generic/xkeyval\xkeyval.tex (C:\Users\abdou\AppData\Local\Programs\MiKTeX\tex/generic/xkeyval\xkvutils.tex
\XKV@toks=\toks45
\XKV@tempa@toks=\toks46
)
\XKV@depth=\count339
File: xkeyval.tex 2014/12/03 v2.7a key=value parser (HA)
)) (C:\Users\abdou\AppData\Local\Programs\MiKTeX\tex/latex/tools\tabularx.sty
Package: tabularx 2020/01/15 v2.11c `tabularx' package (DPC)
\TX@col@width=\dimen303
\TX@old@table=\dimen304
\TX@old@col=\dimen305
\TX@target=\dimen306
\TX@delta=\dimen307
\TX@cols=\count340
\TX@ftn=\toks47
) (C:\Users\abdou\AppData\Local\Programs\MiKTeX\tex/latex/graphics\rotating.sty
Package: rotating 2016/08/11 v2.16d rotated objects in LaTeX
 (C:\Users\abdou\AppData\Local\Programs\MiKTeX\tex/latex/base\ifthen.sty
Package: ifthen 2014/09/29 v1.1c Standard LaTeX ifthen package (DPC)
)
\c@r@tfl@t=\count341
\rotFPtop=\skip69
\rotFPbot=\skip70
\rot@float@box=\box77
\rot@mess@toks=\toks48
)

Package ctable Warning:  Transparency disabled: incompatible with tikz package  on input line 36.

\@CTframesep=\dimen308
\@dfltCTframesep=\dimen309
\@CTframerule=\dimen310
\@dfltCTframerule=\dimen311
\@CTwidth=\dimen312
\@dfltCTwidth=\dimen313
\@CTcaptionskip=\dimen314
\@dfltCTcaptionskip=\dimen315
\@CTmaxwidth=\dimen316
\@dfltCTmaxwidth=\dimen317
\@CTmincapwidth=\dimen318
\@dfltCTmincapwidth=\dimen319
\@CTfooterwidth=\dimen320
\@dfltCTfooterwidth=\dimen321
\@CTw=\dimen322
\@CTfloatwidth=\dimen323
\@CToldsep=\dimen324
\@CToldrule=\dimen325
\CT@t=\box78
\@CTcurftwidth=\dimen326
) (C:\Users\abdou\AppData\Local\Programs\MiKTeX\tex/latex/float\float.sty
Package: float 2001/11/08 v1.3d Float enhancements (AL)
\c@float@type=\count342
\float@exts=\toks49
\float@box=\box79
\@float@everytoks=\toks50
\@floatcapt=\box80
) (C:\Users\abdou\AppData\Local\Programs\MiKTeX\tex/latex/base\fontenc.sty
Package: fontenc 2020/08/10 v2.0s Standard LaTeX package
) (C:\Users\abdou\AppData\Local\Programs\MiKTeX\tex/latex/base\inputenc.sty
Package: inputenc 2020/08/01 v1.3d Input encoding file
\inpenc@prehook=\toks51
\inpenc@posthook=\toks52
) (C:\Users\abdou\AppData\Local\Programs\MiKTeX\tex/latex/lm\lmodern.sty
Package: lmodern 2009/10/30 v1.6 Latin Modern Fonts
LaTeX Font Info:    Overwriting symbol font `operators' in version `normal'
(Font)                  OT1/cmr/m/n --> OT1/lmr/m/n on input line 22.
LaTeX Font Info:    Overwriting symbol font `letters' in version `normal'
(Font)                  OML/cmm/m/it --> OML/lmm/m/it on input line 23.
LaTeX Font Info:    Overwriting symbol font `symbols' in version `normal'
(Font)                  OMS/cmsy/m/n --> OMS/lmsy/m/n on input line 24.
LaTeX Font Info:    Overwriting symbol font `largesymbols' in version `normal'
(Font)                  OMX/cmex/m/n --> OMX/lmex/m/n on input line 25.
LaTeX Font Info:    Overwriting symbol font `operators' in version `bold'
(Font)                  OT1/cmr/bx/n --> OT1/lmr/bx/n on input line 26.
LaTeX Font Info:    Overwriting symbol font `letters' in version `bold'
(Font)                  OML/cmm/b/it --> OML/lmm/b/it on input line 27.
LaTeX Font Info:    Overwriting symbol font `symbols' in version `bold'
(Font)                  OMS/cmsy/b/n --> OMS/lmsy/b/n on input line 28.
LaTeX Font Info:    Overwriting symbol font `largesymbols' in version `bold'
(Font)                  OMX/cmex/m/n --> OMX/lmex/m/n on input line 29.
LaTeX Font Info:    Overwriting math alphabet `\mathbf' in version `normal'
(Font)                  OT1/cmr/bx/n --> OT1/lmr/bx/n on input line 31.
LaTeX Font Info:    Overwriting math alphabet `\mathsf' in version `normal'
(Font)                  OT1/cmss/m/n --> OT1/lmss/m/n on input line 32.
LaTeX Font Info:    Overwriting math alphabet `\mathit' in version `normal'
(Font)                  OT1/cmr/m/it --> OT1/lmr/m/it on input line 33.
LaTeX Font Info:    Overwriting math alphabet `\mathtt' in version `normal'
(Font)                  OT1/cmtt/m/n --> OT1/lmtt/m/n on input line 34.
LaTeX Font Info:    Overwriting math alphabet `\mathbf' in version `bold'
(Font)                  OT1/cmr/bx/n --> OT1/lmr/bx/n on input line 35.
LaTeX Font Info:    Overwriting math alphabet `\mathsf' in version `bold'
(Font)                  OT1/cmss/bx/n --> OT1/lmss/bx/n on input line 36.
LaTeX Font Info:    Overwriting math alphabet `\mathit' in version `bold'
(Font)                  OT1/cmr/bx/it --> OT1/lmr/bx/it on input line 37.
LaTeX Font Info:    Overwriting math alphabet `\mathtt' in version `bold'
(Font)                  OT1/cmtt/m/n --> OT1/lmtt/m/n on input line 38.
) (C:\Users\abdou\AppData\Local\Programs\MiKTeX\tex/latex/microtype\microtype.sty
Package: microtype 2020/12/07 v2.8 Micro-typographical refinements (RS)
\MT@toks=\toks53
\MT@count=\count343
LaTeX Info: Redefining \textls on input line 788.
\MT@outer@kern=\dimen327
LaTeX Info: Redefining \textmicrotypecontext on input line 1358.
\MT@listname@count=\count344
 (C:\Users\abdou\AppData\Local\Programs\MiKTeX\tex/latex/microtype\microtype-pdftex.def
File: microtype-pdftex.def 2020/12/07 v2.8 Definitions specific to pdftex (RS)
LaTeX Info: Redefining \lsstyle on input line 915.
LaTeX Info: Redefining \lslig on input line 915.
\MT@outer@space=\skip71
)
Package microtype Info: Loading configuration file microtype.cfg.
 (C:\Users\abdou\AppData\Local\Programs\MiKTeX\tex/latex/microtype\microtype.cfg
File: microtype.cfg 2020/12/07 v2.8 microtype main configuration file (RS)
)) (C:\Users\abdou\AppData\Local\Programs\MiKTeX\tex/latex/amsmath\amsmath.sty
Package: amsmath 2020/09/23 v2.17i AMS math features
\@mathmargin=\skip72

For additional information on amsmath, use the `?' option.
(C:\Users\abdou\AppData\Local\Programs\MiKTeX\tex/latex/amsmath\amstext.sty
Package: amstext 2000/06/29 v2.01 AMS text
 (C:\Users\abdou\AppData\Local\Programs\MiKTeX\tex/latex/amsmath\amsgen.sty
File: amsgen.sty 1999/11/30 v2.0 generic functions
\@emptytoks=\toks54
\ex@=\dimen328
)) (C:\Users\abdou\AppData\Local\Programs\MiKTeX\tex/latex/amsmath\amsbsy.sty
Package: amsbsy 1999/11/29 v1.2d Bold Symbols
\pmbraise@=\dimen329
) (C:\Users\abdou\AppData\Local\Programs\MiKTeX\tex/latex/amsmath\amsopn.sty
Package: amsopn 2016/03/08 v2.02 operator names
)
\inf@bad=\count345
LaTeX Info: Redefining \frac on input line 234.
\uproot@=\count346
\leftroot@=\count347
LaTeX Info: Redefining \overline on input line 399.
\classnum@=\count348
\DOTSCASE@=\count349
LaTeX Info: Redefining \ldots on input line 496.
LaTeX Info: Redefining \dots on input line 499.
LaTeX Info: Redefining \cdots on input line 620.
\Mathstrutbox@=\box81
\strutbox@=\box82
\big@size=\dimen330
LaTeX Font Info:    Redeclaring font encoding OML on input line 743.
LaTeX Font Info:    Redeclaring font encoding OMS on input line 744.
\macc@depth=\count350
\c@MaxMatrixCols=\count351
\dotsspace@=\muskip16
\c@parentequation=\count352
\dspbrk@lvl=\count353
\tag@help=\toks55
\row@=\count354
\column@=\count355
\maxfields@=\count356
\andhelp@=\toks56
\eqnshift@=\dimen331
\alignsep@=\dimen332
\tagshift@=\dimen333
\tagwidth@=\dimen334
\totwidth@=\dimen335
\lineht@=\dimen336
\@envbody=\toks57
\multlinegap=\skip73
\multlinetaggap=\skip74
\mathdisplay@stack=\toks58
LaTeX Info: Redefining \[ on input line 2923.
LaTeX Info: Redefining \] on input line 2924.
) (C:\Users\abdou\AppData\Local\Programs\MiKTeX\tex/latex/geometry\geometry.sty
Package: geometry 2020/01/02 v5.9 Page Geometry
 (C:\Users\abdou\AppData\Local\Programs\MiKTeX\tex/generic/iftex\ifvtex.sty
Package: ifvtex 2019/10/25 v1.7 ifvtex legacy package. Use iftex instead.
)
\Gm@cnth=\count357
\Gm@cntv=\count358
\c@Gm@tempcnt=\count359
\Gm@bindingoffset=\dimen337
\Gm@wd@mp=\dimen338
\Gm@odd@mp=\dimen339
\Gm@even@mp=\dimen340
\Gm@layoutwidth=\dimen341
\Gm@layoutheight=\dimen342
\Gm@layouthoffset=\dimen343
\Gm@layoutvoffset=\dimen344
\Gm@dimlist=\toks59
 (C:\Users\abdou\AppData\Local\Programs\MiKTeX\tex/latex/geometry\geometry.cfg)) (d:/codeSourceFolder\1111____PFE\pfe_memoire\commandesPerso/perso.tex) (C:\Users\abdou\AppData\Local\Programs\MiKTeX\tex/latex/eso-pic\eso-pic.sty
Package: eso-pic 2020/10/14 v3.0a eso-pic (RN)
\ESO@tempdima=\dimen345
\ESO@tempdimb=\dimen346
) (d:/codeSourceFolder\1111____PFE\pfe_memoire\pagedegarde.tex) (C:\Users\abdou\AppData\Local\Programs\MiKTeX\tex/latex/titlesec\titlesec.sty
Package: titlesec 2019/10/16 v2.13 Sectioning titles
\ttl@box=\box83
\beforetitleunit=\skip75
\aftertitleunit=\skip76
\ttl@plus=\dimen347
\ttl@minus=\dimen348
\ttl@toksa=\toks60
\titlewidth=\dimen349
\titlewidthlast=\dimen350
\titlewidthfirst=\dimen351
) (C:\Users\abdou\AppData\Local\Programs\MiKTeX\tex/latex/minitoc\minitoc.sty
Package: minitoc 2018/07/12 v62 Package minitoc
 (C:\Users\abdou\AppData\Local\Programs\MiKTeX\tex/latex/minitoc\mtcmess.sty
Package: mtcmess 2006/03/14
)
Package minitoc Info: I0001
(minitoc)             *** minitoc package, version 62 ***.
\tf@mtc=\write7
\mtcindent=\skip77
\mtcskipamount=\skip78
Package minitoc Info: I0005
(minitoc)             compatible with hyperref.
Package minitoc Info: I0023
(minitoc)             part level macros available.
Package minitoc Info: I0003
(minitoc)             chapter level macros available.
\mtc@toks=\toks61
\mtc@strutbox=\box84
\mtc@hstrutbox=\box85
Package minitoc Info: I0002
(minitoc)             Autoconfiguration of extensions.
\openout7 = `main.mtc0'.

\openout7 = `main.mtc'.

 (d:/codeSourceFolder\1111____PFE\pfe_memoire\main.mtc0)
Package minitoc Info: I0012
(minitoc)             Long extensions (Unix-like) will be used.
Package minitoc Info: I0031
(minitoc)             ==> this version is configured for UNIX-like 
(minitoc)                 (long extensions) file names.
\openout7 = `main.mtc'.

\openout7 = `main.mtc0'.

\c@mtc=\count360
\c@minitocdepth=\count361
\c@ptc=\count362
\c@parttocdepth=\count363
\ptcindent=\skip79
Package minitoc Info: I0010
(minitoc)             The english language is selected.
(minitoc)              on input line 4910.
 (C:\Users\abdou\AppData\Local\Programs\MiKTeX\tex/latex/minitoc\english.mld
File: english.mld 2006/01/13
) (C:\Users\abdou\AppData\Local\Programs\MiKTeX\tex/latex/minitoc\english.mld
File: english.mld 2006/01/13
)
Package minitoc Info: I0010
(minitoc)             The french language is selected.
(minitoc)              on input line 4911.
 (C:\Users\abdou\AppData\Local\Programs\MiKTeX\tex/latex/minitoc\french.mld
File: french.mld 2006/03/21
)) (C:\Users\abdou\AppData\Local\Programs\MiKTeX\tex/latex/hyperref\hyperref.sty
Package: hyperref 2020-05-15 v7.00e Hypertext links for LaTeX
 (C:\Users\abdou\AppData\Local\Programs\MiKTeX\tex/generic/ltxcmds\ltxcmds.sty
Package: ltxcmds 2020-05-10 v1.25 LaTeX kernel commands for general use (HO)
) (C:\Users\abdou\AppData\Local\Programs\MiKTeX\tex/generic/pdftexcmds\pdftexcmds.sty
Package: pdftexcmds 2020-06-27 v0.33 Utility functions of pdfTeX for LuaTeX (HO)
 (C:\Users\abdou\AppData\Local\Programs\MiKTeX\tex/generic/infwarerr\infwarerr.sty
Package: infwarerr 2019/12/03 v1.5 Providing info/warning/error messages (HO)
)
Package pdftexcmds Info: \pdf@primitive is available.
Package pdftexcmds Info: \pdf@ifprimitive is available.
Package pdftexcmds Info: \pdfdraftmode found.
) (C:\Users\abdou\AppData\Local\Programs\MiKTeX\tex/generic/kvsetkeys\kvsetkeys.sty
Package: kvsetkeys 2019/12/15 v1.18 Key value parser (HO)
) (C:\Users\abdou\AppData\Local\Programs\MiKTeX\tex/generic/kvdefinekeys\kvdefinekeys.sty
Package: kvdefinekeys 2019-12-19 v1.6 Define keys (HO)
) (C:\Users\abdou\AppData\Local\Programs\MiKTeX\tex/generic/pdfescape\pdfescape.sty
Package: pdfescape 2019/12/09 v1.15 Implements pdfTeX's escape features (HO)
) (C:\Users\abdou\AppData\Local\Programs\MiKTeX\tex/latex/hycolor\hycolor.sty
Package: hycolor 2020-01-27 v1.10 Color options for hyperref/bookmark (HO)
) (C:\Users\abdou\AppData\Local\Programs\MiKTeX\tex/latex/letltxmacro\letltxmacro.sty
Package: letltxmacro 2019/12/03 v1.6 Let assignment for LaTeX macros (HO)
) (C:\Users\abdou\AppData\Local\Programs\MiKTeX\tex/latex/auxhook\auxhook.sty
Package: auxhook 2019-12-17 v1.6 Hooks for auxiliary files (HO)
) (C:\Users\abdou\AppData\Local\Programs\MiKTeX\tex/latex/kvoptions\kvoptions.sty
Package: kvoptions 2020-10-07 v3.14 Key value format for package options (HO)
)
\@linkdim=\dimen352
\Hy@linkcounter=\count364
\Hy@pagecounter=\count365
 (C:\Users\abdou\AppData\Local\Programs\MiKTeX\tex/latex/hyperref\pd1enc.def
File: pd1enc.def 2020-05-15 v7.00e Hyperref: PDFDocEncoding definition (HO)
Now handling font encoding PD1 ...
... no UTF-8 mapping file for font encoding PD1
) (C:\Users\abdou\AppData\Local\Programs\MiKTeX\tex/generic/intcalc\intcalc.sty
Package: intcalc 2019/12/15 v1.3 Expandable calculations with integers (HO)
) (C:\Users\abdou\AppData\Local\Programs\MiKTeX\tex/generic/etexcmds\etexcmds.sty
Package: etexcmds 2019/12/15 v1.7 Avoid name clashes with e-TeX commands (HO)
)
\Hy@SavedSpaceFactor=\count366
Package hyperref Info: Option `colorlinks' set `true' on input line 4338.
Package hyperref Info: Hyper figures OFF on input line 4464.
Package hyperref Info: Link nesting OFF on input line 4469.
Package hyperref Info: Hyper index ON on input line 4472.
Package hyperref Info: Plain pages OFF on input line 4479.
Package hyperref Info: Backreferencing OFF on input line 4484.
Package hyperref Info: Implicit mode ON; LaTeX internals redefined.
Package hyperref Info: Bookmarks ON on input line 4717.
\c@Hy@tempcnt=\count367
 (C:\Users\abdou\AppData\Local\Programs\MiKTeX\tex/latex/url\url.sty
\Urlmuskip=\muskip17
Package: url 2013/09/16  ver 3.4  Verb mode for urls, etc.
)
LaTeX Info: Redefining \url on input line 5076.
\XeTeXLinkMargin=\dimen353
 (C:\Users\abdou\AppData\Local\Programs\MiKTeX\tex/generic/bitset\bitset.sty
Package: bitset 2019/12/09 v1.3 Handle bit-vector datatype (HO)
 (C:\Users\abdou\AppData\Local\Programs\MiKTeX\tex/generic/bigintcalc\bigintcalc.sty
Package: bigintcalc 2019/12/15 v1.5 Expandable calculations on big integers (HO)
))
\Fld@menulength=\count368
\Field@Width=\dimen354
\Fld@charsize=\dimen355
Package hyperref Info: Hyper figures OFF on input line 6347.
Package hyperref Info: Link nesting OFF on input line 6352.
Package hyperref Info: Hyper index ON on input line 6355.
Package hyperref Info: backreferencing OFF on input line 6362.
Package hyperref Info: Link coloring ON on input line 6365.
Package hyperref Info: Link coloring with OCG OFF on input line 6372.
Package hyperref Info: PDF/A mode OFF on input line 6377.
LaTeX Info: Redefining \ref on input line 6417.
LaTeX Info: Redefining \pageref on input line 6421.
 (C:\Users\abdou\AppData\Local\Programs\MiKTeX\tex/latex/base\atbegshi-ltx.sty
Package: atbegshi-ltx 2020/08/17 v1.0a Emulation of the original atbegshi package
with kernel methods
)
\Hy@abspage=\count369
\c@Item=\count370
\c@Hfootnote=\count371
)
Package hyperref Info: Driver (autodetected): hpdftex.
 (C:\Users\abdou\AppData\Local\Programs\MiKTeX\tex/latex/hyperref\hpdftex.def
File: hpdftex.def 2020-05-15 v7.00e Hyperref driver for pdfTeX
 (C:\Users\abdou\AppData\Local\Programs\MiKTeX\tex/latex/base\atveryend-ltx.sty
Package: atveryend-ltx 2020/08/19 v1.0a Emulation of the original atvery package
with kernel methods
)
\Fld@listcount=\count372
\c@bookmark@seq@number=\count373
 (C:\Users\abdou\AppData\Local\Programs\MiKTeX\tex/latex/rerunfilecheck\rerunfilecheck.sty
Package: rerunfilecheck 2019/12/05 v1.9 Rerun checks for auxiliary files (HO)
 (C:\Users\abdou\AppData\Local\Programs\MiKTeX\tex/generic/uniquecounter\uniquecounter.sty
Package: uniquecounter 2019/12/15 v1.4 Provide unlimited unique counter (HO)
)
Package uniquecounter Info: New unique counter `rerunfilecheck' on input line 286.
)
\Hy@SectionHShift=\skip80
) (C:\Users\abdou\AppData\Local\Programs\MiKTeX\tex/latex/setspace\setspace.sty
Package: setspace 2011/12/19 v6.7a set line spacing
)
Package minitoc Info: I0024
(minitoc)             PREPARING MINITOCS FROM main.toc on input line 70.
Package minitoc Info: I0033
(minitoc)             Writing main.mtc1.
\openout7 = `main.mtc1'.

Package minitoc Info: I0033
(minitoc)             Writing main.mtc2.
\openout7 = `main.mtc2'.

Package minitoc Info: I0033
(minitoc)             Writing main.mtc3.
\openout7 = `main.mtc3'.

Package minitoc Info: I0033
(minitoc)             Writing main.mtc4.
\openout7 = `main.mtc4'.

Package minitoc Info: I0033
(minitoc)             Writing main.mtc5.
\openout7 = `main.mtc5'.

Package minitoc Info: I0033
(minitoc)             Writing main.mtc6.
\openout7 = `main.mtc6'.

Package minitoc Info: I0033
(minitoc)             Writing main.mtc7.
\openout7 = `main.mtc7'.

Package minitoc Info: I0033
(minitoc)             Writing main.mtc8.
\openout7 = `main.mtc8'.

Package minitoc Info: I0033
(minitoc)             Writing main.mtc9.
\openout7 = `main.mtc9'.

LaTeX Font Info:    Trying to load font information for T1+lmr on input line 73.
 (C:\Users\abdou\AppData\Local\Programs\MiKTeX\tex/latex/lm\t1lmr.fd
File: t1lmr.fd 2009/10/30 v1.6 Font defs for Latin Modern
) (C:\Users\abdou\AppData\Local\Programs\MiKTeX\tex/latex/l3backend\l3backend-pdftex.def
File: l3backend-pdftex.def 2020-09-24 L3 backend support: PDF output (pdfTeX)
\l__kernel_color_stack_int=\count374
\l__pdf_internal_box=\box86
) (d:/codeSourceFolder\1111____PFE\pfe_memoire\main.aux

LaTeX Warning: Label `posterior_probability_distribution' multiply defined.

)
\openout1 = `main.aux'.

LaTeX Font Info:    Checking defaults for OML/cmm/m/it on input line 73.
LaTeX Font Info:    ... okay on input line 73.
LaTeX Font Info:    Checking defaults for OMS/cmsy/m/n on input line 73.
LaTeX Font Info:    ... okay on input line 73.
LaTeX Font Info:    Checking defaults for OT1/cmr/m/n on input line 73.
LaTeX Font Info:    ... okay on input line 73.
LaTeX Font Info:    Checking defaults for T1/cmr/m/n on input line 73.
LaTeX Font Info:    ... okay on input line 73.
LaTeX Font Info:    Checking defaults for TS1/cmr/m/n on input line 73.
LaTeX Font Info:    ... okay on input line 73.
LaTeX Font Info:    Checking defaults for OMX/cmex/m/n on input line 73.
LaTeX Font Info:    ... okay on input line 73.
LaTeX Font Info:    Checking defaults for U/cmr/m/n on input line 73.
LaTeX Font Info:    ... okay on input line 73.
LaTeX Font Info:    Checking defaults for PD1/pdf/m/n on input line 73.
LaTeX Font Info:    ... okay on input line 73.
LaTeX Info: Redefining \degres on input line 73.
LaTeX Info: Redefining \dots on input line 73.
LaTeX Info: Redefining \up on input line 73.
 (C:\Users\abdou\AppData\Local\Programs\MiKTeX\tex/context/base/mkii\supp-pdf.mkii
[Loading MPS to PDF converter (version 2006.09.02).]
\scratchcounter=\count375
\scratchdimen=\dimen356
\scratchbox=\box87
\nofMPsegments=\count376
\nofMParguments=\count377
\everyMPshowfont=\toks62
\MPscratchCnt=\count378
\MPscratchDim=\dimen357
\MPnumerator=\count379
\makeMPintoPDFobject=\count380
\everyMPtoPDFconversion=\toks63
) (C:\Users\abdou\AppData\Local\Programs\MiKTeX\tex/latex/epstopdf-pkg\epstopdf-base.sty
Package: epstopdf-base 2020-01-24 v2.11 Base part for package epstopdf
Package epstopdf-base Info: Redefining graphics rule for `.eps' on input line 485.
)

Package pgfplots Warning: running in backwards compatibility mode (unsuitable tick labels; missing features). Consider writing \pgfplotsset{compat=1.17} into your preamble.
 on input line 73.

\c@lstlisting=\count381
Package caption Info: Begin \AtBeginDocument code.
Package caption Info: subfig package v1.3 is loaded.
Package caption Info: float package is loaded.
Package caption Info: hyperref package is loaded.
Package caption Info: rotating package is loaded.
Package caption Info: End \AtBeginDocument code.
LaTeX Info: Redefining \microtypecontext on input line 73.
Package microtype Info: Generating PDF output.
Package microtype Info: Character protrusion enabled (level 2).
Package microtype Info: Using default protrusion set `alltext'.
Package microtype Info: Automatic font expansion enabled (level 2),
(microtype)             stretch: 20, shrink: 20, step: 1, non-selected.
Package microtype Info: Using default expansion set `alltext-nott'.
LaTeX Info: Redefining \showhyphens on input line 73.
Package microtype Info: No adjustment of tracking.
Package microtype Info: No adjustment of interword spacing.
Package microtype Info: No adjustment of character kerning.
(C:\Users\abdou\AppData\Local\Programs\MiKTeX\tex/latex/microtype\mt-cmr.cfg
File: mt-cmr.cfg 2013/05/19 v2.2 microtype config. file: Computer Modern Roman (RS)
)
*geometry* driver: auto-detecting
*geometry* detected driver: pdftex
*geometry* verbose mode - [ preamble ] result:
* driver: pdftex
* paper: a4paper
* layout: <same size as paper>
* layoutoffset:(h,v)=(0.0pt,0.0pt)
* modes: 
* h-part:(L,W,R)=(85.35826pt, 441.01773pt, 71.13188pt)
* v-part:(T,H,B)=(71.13188pt, 717.00946pt, 56.9055pt)
* \paperwidth=597.50787pt
* \paperheight=845.04684pt
* \textwidth=441.01773pt
* \textheight=717.00946pt
* \oddsidemargin=13.08827pt
* \evensidemargin=13.08827pt
* \topmargin=-41.1381pt
* \headheight=15.0pt
* \headsep=25.0pt
* \topskip=12.0pt
* \footskip=30.0pt
* \marginparwidth=35.0pt
* \marginparsep=10.0pt
* \columnsep=10.0pt
* \skip\footins=10.8pt plus 4.0pt minus 2.0pt
* \hoffset=0.0pt
* \voffset=0.0pt
* \mag=1000
* \@twocolumnfalse
* \@twosidefalse
* \@mparswitchfalse
* \@reversemarginfalse
* (1in=72.27pt=25.4mm, 1cm=28.453pt)

\c@minilofdepth=\count382
\c@minilotdepth=\count383
\c@partlofdepth=\count384
\c@partlotdepth=\count385
\c@sectlofdepth=\count386
\c@sectlotdepth=\count387
Package minitoc(hints) Info: I0049
(minitoc(hints))             ==> You requested the hints option. 
(minitoc(hints))             Some hints are eventually given below.
Package minitoc(hints) Info: I0046
(minitoc(hints))             --- The tocbibind package is loaded. 
(minitoc(hints))             See the minitoc package documentation 
(minitoc(hints))             for specific precautions.

Package minitoc(hints) Warning: W0099
(minitoc(hints))                --- The titlesec package is loaded. 
(minitoc(hints))                It is incompatible 
(minitoc(hints))                with the minitoc package.


Package minitoc(hints) Warning: W0030
(minitoc(hints))                --- The \part command is altered 
(minitoc(hints))                after minitoc.


Package minitoc(hints) Warning: W0023
(minitoc(hints))                --- It may be the consequence 
(minitoc(hints))                of loading the ``hyperref'' package.


Package minitoc(hints) Warning: W0028
(minitoc(hints))                --- The \chapter command is altered 
(minitoc(hints))                after minitoc.


Package minitoc(hints) Warning: W0023
(minitoc(hints))                --- It may be the consequence 
(minitoc(hints))                of loading the ``hyperref'' package.

Package hyperref Info: Link coloring ON on input line 73.
(C:\Users\abdou\AppData\Local\Programs\MiKTeX\tex/latex/hyperref\nameref.sty
Package: nameref 2019/09/16 v2.46 Cross-referencing by name of section
 (C:\Users\abdou\AppData\Local\Programs\MiKTeX\tex/latex/refcount\refcount.sty
Package: refcount 2019/12/15 v3.6 Data extraction from label references (HO)
) (C:\Users\abdou\AppData\Local\Programs\MiKTeX\tex/generic/gettitlestring\gettitlestring.sty
Package: gettitlestring 2019/12/15 v1.6 Cleanup title references (HO)
)
\c@section@level=\count388
)
LaTeX Info: Redefining \ref on input line 73.
LaTeX Info: Redefining \pageref on input line 73.
LaTeX Info: Redefining \nameref on input line 73.
 (d:/codeSourceFolder\1111____PFE\pfe_memoire\main.out) (d:/codeSourceFolder\1111____PFE\pfe_memoire\main.out)
\@outlinefile=\write8
\openout8 = `main.out'.

LaTeX Font Info:    Trying to load font information for T1+ptm on input line 74.
 (C:\Users\abdou\AppData\Local\Programs\MiKTeX\tex/latex/psnfss\t1ptm.fd
File: t1ptm.fd 2001/06/04 font definitions for T1/ptm.
) (C:\Users\abdou\AppData\Local\Programs\MiKTeX\tex/latex/microtype\mt-ptm.cfg
File: mt-ptm.cfg 2006/04/20 v1.7 microtype config. file: Times (RS)
)
*geometry* verbose mode - [ newgeometry ] result:
* driver: pdftex
* paper: a4paper
* layout: <same size as paper>
* layoutoffset:(h,v)=(0.0pt,0.0pt)
* modes: 
* h-part:(L,W,R)=(56.9055pt, 512.14963pt, 28.45274pt)
* v-part:(T,H,B)=(42.67912pt, 759.6886pt, 42.67912pt)
* \paperwidth=597.50787pt
* \paperheight=845.04684pt
* \textwidth=512.14963pt
* \textheight=759.6886pt
* \oddsidemargin=-15.36449pt
* \evensidemargin=-15.36449pt
* \topmargin=-69.59087pt
* \headheight=15.0pt
* \headsep=25.0pt
* \topskip=12.0pt
* \footskip=30.0pt
* \marginparwidth=35.0pt
* \marginparsep=10.0pt
* \columnsep=10.0pt
* \skip\footins=10.8pt plus 4.0pt minus 2.0pt
* \hoffset=0.0pt
* \voffset=0.0pt
* \mag=1000
* \@twocolumnfalse
* \@twosidefalse
* \@mparswitchfalse
* \@reversemarginfalse
* (1in=72.27pt=25.4mm, 1cm=28.453pt)

LaTeX Font Info:    Trying to load font information for OT1+lmr on input line 77.
 (C:\Users\abdou\AppData\Local\Programs\MiKTeX\tex/latex/lm\ot1lmr.fd
File: ot1lmr.fd 2009/10/30 v1.6 Font defs for Latin Modern
)
LaTeX Font Info:    Trying to load font information for OML+lmm on input line 77.
 (C:\Users\abdou\AppData\Local\Programs\MiKTeX\tex/latex/lm\omllmm.fd
File: omllmm.fd 2009/10/30 v1.6 Font defs for Latin Modern
)
LaTeX Font Info:    Trying to load font information for OMS+lmsy on input line 77.
 (C:\Users\abdou\AppData\Local\Programs\MiKTeX\tex/latex/lm\omslmsy.fd
File: omslmsy.fd 2009/10/30 v1.6 Font defs for Latin Modern
)
LaTeX Font Info:    Trying to load font information for OMX+lmex on input line 77.
 (C:\Users\abdou\AppData\Local\Programs\MiKTeX\tex/latex/lm\omxlmex.fd
File: omxlmex.fd 2009/10/30 v1.6 Font defs for Latin Modern
)
LaTeX Font Info:    External font `lmex10' loaded for size
(Font)              <12> on input line 77.
LaTeX Font Info:    External font `lmex10' loaded for size
(Font)              <8> on input line 77.
LaTeX Font Info:    External font `lmex10' loaded for size
(Font)              <6> on input line 77.
<Images/Logo.png, id=508, 229.8186pt x 145.9854pt>
File: Images/Logo.png Graphic file (type png)
<use Images/Logo.png>
Package pdftex.def Info: Images/Logo.png  used on input line 77.
(pdftex.def)             Requested size: 102.42836pt x 65.06464pt.
 [1{C:/Users/abdou/AppData/Local/MiKTeX/pdftex/config/pdftex.map}


 <d:/codeSourceFolder/1111____PFE/pfe_memoire/Images/Logo.png>] (d:/codeSourceFolder\1111____PFE\pfe_memoire\main.toc [5


]
Overfull \hbox (1.61145pt too wide) in paragraph at lines 70--70
 [][] [][][]\T1/ptm/m/n/12 Thorme de bayes dans la cadre de l'ap-pli-ca-tion de l'ap-proche Bay- 
 []


Package fancyhdr Warning: \headheight is too small (15.0pt): 
(fancyhdr)                Make it at least 15.35403pt, for example:
(fancyhdr)                \setlength{\headheight}{15.35403pt}.
(fancyhdr)                You might also make \topmargin smaller to compensate:
(fancyhdr)                \addtolength{\topmargin}{-0.35403pt}.

[6]

Package fancyhdr Warning: \headheight is too small (15.0pt): 
(fancyhdr)                Make it at least 15.35403pt, for example:
(fancyhdr)                \setlength{\headheight}{15.35403pt}.
(fancyhdr)                You might also make \topmargin smaller to compensate:
(fancyhdr)                \addtolength{\topmargin}{-0.35403pt}.

[7])
\tf@toc=\write9
\openout9 = `main.toc'.



Package fancyhdr Warning: \headheight is too small (15.0pt): 
(fancyhdr)                Make it at least 15.35403pt, for example:
(fancyhdr)                \setlength{\headheight}{15.35403pt}.
(fancyhdr)                You might also make \topmargin smaller to compensate:
(fancyhdr)                \addtolength{\topmargin}{-0.35403pt}.

[8] (d:/codeSourceFolder\1111____PFE\pfe_memoire\main.lof)
\tf@lof=\write10
\openout10 = `main.lof'.

 [9

] (d:/codeSourceFolder\1111____PFE\pfe_memoire\main.lot)
\tf@lot=\write11
\openout11 = `main.lot'.

 (d:/codeSourceFolder\1111____PFE\pfe_memoire\acronymes.tex [10

]
Underfull \hbox (badness 10000) in paragraph at lines 3--15

 []

) [11

]pdfTeX warning (ext4): destination with the same identifier (name{page.1}) has been already used, duplicate ignored
<to be read again> 
                   \relax 
l.95 \firstpart
                [1


] (d:/codeSourceFolder\1111____PFE\pfe_memoire\premierchapitre.tex
Chapitre 1.
\openout7 = `main.mtc'.

\openout7 = `main.mtc'.

LaTeX Font Info:    External font `lmex10' loaded for size
(Font)              <10.95> on input line 3.
(d:/codeSourceFolder\1111____PFE\pfe_memoire\main.mtc3) [2

]
Underfull \hbox (badness 10000) in paragraph at lines 8--10

 []


Underfull \hbox (badness 10000) in paragraph at lines 11--19

 []

[3]
<images/chapitre1/Les tapes de l'extraction de connaissances  partir de donnes.png, id=774, 382.93062pt x 163.10938pt>
File: images/chapitre1/Les tapes de l'extraction de connaissances  partir de donnes.png Graphic file (type png)
<use images/chapitre1/Les tapes de l'extraction de connaissances  partir de donnes.png>
Package pdftex.def Info: images/chapitre1/Les tapes de l'extraction de connaissances  partir de donnes.png  used on input line 40.
(pdftex.def)             Requested size: 382.92967pt x 163.10896pt.
Package microtype Info: Character `029' is missing
(microtype)             in font `T1/lmr/m/sc/12'.
(microtype)             Ignoring protrusion settings for this character.
Package microtype Info: Character `029' is missing
(microtype)             in font `T1/lmr/m/sc/10.95'.
(microtype)             Ignoring protrusion settings for this character.
 [4 <d:/codeSourceFolder/1111____PFE/pfe_memoire/images/chapitre1/Les tapes de l'extraction de connaissances  partir de donnes.png>]
<images/chapitre1/ITS architecture.png, id=786, 1405.25pt x 702.625pt>
File: images/chapitre1/ITS architecture.png Graphic file (type png)
<use images/chapitre1/ITS architecture.png>
Package pdftex.def Info: images/chapitre1/ITS architecture.png  used on input line 77.
(pdftex.def)             Requested size: 441.01773pt x 220.5025pt.
 [5 <d:/codeSourceFolder/1111____PFE/pfe_memoire/images/chapitre1/ITS architecture.png>]
<images/chapitre1/Principaux domaines lis  l'exploration de donnes ducatives.png, id=801, 1003.75pt x 702.625pt>
File: images/chapitre1/Principaux domaines lis  l'exploration de donnes ducatives.png Graphic file (type png)
<use images/chapitre1/Principaux domaines lis  l'exploration de donnes ducatives.png>
Package pdftex.def Info: images/chapitre1/Principaux domaines lis  l'exploration de donnes ducatives.png  used on input line 110.
(pdftex.def)             Requested size: 441.01773pt x 308.71638pt.
 [6]
Underfull \hbox (badness 10000) in paragraph at lines 116--117

 []

[7 <d:/codeSourceFolder/1111____PFE/pfe_memoire/images/chapitre1/Principaux domaines lis  l'exploration de donnes ducatives.png>]
<images/chapitre1/Data mining application process applied in education.png, id=814, 2007.5pt x 803.0pt>
File: images/chapitre1/Data mining application process applied in education.png Graphic file (type png)
<use images/chapitre1/Data mining application process applied in education.png>
Package pdftex.def Info: images/chapitre1/Data mining application process applied in education.png  used on input line 127.
(pdftex.def)             Requested size: 441.01773pt x 176.40323pt.

Underfull \hbox (badness 10000) in paragraph at lines 134--140

 []

<images/chapitre1/edm techniques.png, id=815, 2007.5pt x 903.375pt>
File: images/chapitre1/edm techniques.png Graphic file (type png)
<use images/chapitre1/edm techniques.png>
Package pdftex.def Info: images/chapitre1/edm techniques.png  used on input line 143.
(pdftex.def)             Requested size: 441.01773pt x 198.45364pt.
[8 <d:/codeSourceFolder/1111____PFE/pfe_memoire/images/chapitre1/Data mining application process applied in education.png>] [9 <d:/codeSourceFolder/1111____PFE/pfe_memoire/images/chapitre1/edm techniques.png>] [10]) (d:/codeSourceFolder\1111____PFE\pfe_memoire\deuxiemechapitre.tex [11]
Chapitre 2.
\openout7 = `main.mtc'.

\openout7 = `main.mtc'.

(d:/codeSourceFolder\1111____PFE\pfe_memoire\main.mtc4) [12

]
Underfull \hbox (badness 5133) in paragraph at lines 27--27
\T1/lmr/bx/n/12 (+20) Modle dif-f-
 []


Underfull \hbox (badness 1515) in paragraph at lines 28--28
[]|\T1/lmr/m/n/12 (+20) Modlisation des connais-
 []


Underfull \hbox (badness 1895) in paragraph at lines 28--28
\T1/lmr/m/n/12 (+20) Identification des la-cunes
 []


Underfull \hbox (badness 10000) in paragraph at lines 31--31
[]|\T1/lmr/bx/n/12 (+20) Modle d'er-
 []


Underfull \hbox (badness 8170) in paragraph at lines 36--36
[]|\T1/lmr/m/n/12 (+20) Classification des ap-pre-
 []


Underfull \hbox (badness 3525) in paragraph at lines 37--37
[]|\T1/lmr/m/n/12 (+20) Initialisation de nou-veau
 []


Package fancyhdr Warning: \headheight is too small (15.0pt): 
(fancyhdr)                Make it at least 29.85403pt, for example:
(fancyhdr)                \setlength{\headheight}{29.85403pt}.
(fancyhdr)                You might also make \topmargin smaller to compensate:
(fancyhdr)                \addtolength{\topmargin}{-14.85403pt}.

[13]
Underfull \hbox (badness 2547) in paragraph at lines 65--65
[]|\T1/lmr/bx/n/12 (+20) Rseau Bay-
 []


Underfull \hbox (badness 1888) in paragraph at lines 66--68
[]|\T1/lmr/m/n/12 (+20) -Apprendre et pr-dire le
 []


Underfull \hbox (badness 10000) in paragraph at lines 72--74
[]|\T1/lmr/m/n/12 (+20) -Consommation de
 []


Underfull \hbox (badness 10000) in paragraph at lines 72--74
\T1/lmr/m/n/12 (+20) -Difficult  com-
 []


Underfull \hbox (badness 10000) in paragraph at lines 72--74
\T1/lmr/m/n/12 (+20) -Grand nombre de
 []


Overfull \hbox (5.41425pt too wide) in paragraph at lines 75--75
[]|\T1/lmr/bx/n/12 (-20) Programmation
 []


Underfull \hbox (badness 10000) in paragraph at lines 76--78
\T1/lmr/m/n/12 (+20) -Prdiction des per-for-
 []


Underfull \hbox (badness 10000) in paragraph at lines 76--78
\T1/lmr/m/n/12 (+20) -Amlioration des al-go-
 []


Underfull \hbox (badness 1132) in paragraph at lines 79--81
\T1/lmr/m/n/12 (+20) -des re-cherches puis-santes
 []


Underfull \hbox (badness 2460) in paragraph at lines 85--85
[]|\T1/lmr/m/n/12 (+20) -valuation et pr-dic-tion
 []


Underfull \hbox (badness 6252) in paragraph at lines 89--89
[]|\T1/lmr/m/n/12 (+20) La com-plexit aug-
 []


Package fancyhdr Warning: \headheight is too small (15.0pt): 
(fancyhdr)                Make it at least 29.85403pt, for example:
(fancyhdr)                \setlength{\headheight}{29.85403pt}.
(fancyhdr)                You might also make \topmargin smaller to compensate:
(fancyhdr)                \addtolength{\topmargin}{-14.85403pt}.

[14]
<images/chapitre2/Composante_modele_apprenant.png, id=871, 1806.75pt x 1204.5pt>
File: images/chapitre2/Composante_modele_apprenant.png Graphic file (type png)
<use images/chapitre2/Composante_modele_apprenant.png>
Package pdftex.def Info: images/chapitre2/Composante_modele_apprenant.png  used on input line 98.
(pdftex.def)             Requested size: 441.01773pt x 294.01152pt.


Package fancyhdr Warning: \headheight is too small (15.0pt): 
(fancyhdr)                Make it at least 29.85403pt, for example:
(fancyhdr)                \setlength{\headheight}{29.85403pt}.
(fancyhdr)                You might also make \topmargin smaller to compensate:
(fancyhdr)                \addtolength{\topmargin}{-14.85403pt}.

[15 <d:/codeSourceFolder/1111____PFE/pfe_memoire/images/chapitre2/Composante_modele_apprenant.png>]

Package fancyhdr Warning: \headheight is too small (15.0pt): 
(fancyhdr)                Make it at least 29.85403pt, for example:
(fancyhdr)                \setlength{\headheight}{29.85403pt}.
(fancyhdr)                You might also make \topmargin smaller to compensate:
(fancyhdr)                \addtolength{\topmargin}{-14.85403pt}.

[16]

Package fancyhdr Warning: \headheight is too small (15.0pt): 
(fancyhdr)                Make it at least 29.85403pt, for example:
(fancyhdr)                \setlength{\headheight}{29.85403pt}.
(fancyhdr)                You might also make \topmargin smaller to compensate:
(fancyhdr)                \addtolength{\topmargin}{-14.85403pt}.

[17]
<images/chapitre2/Modles-d'quations-structurelles.png, id=900, 1806.75pt x 803.0pt>
File: images/chapitre2/Modles-d'quations-structurelles.png Graphic file (type png)
<use images/chapitre2/Modles-d'quations-structurelles.png>
Package pdftex.def Info: images/chapitre2/Modles-d'quations-structurelles.png  used on input line 161.
(pdftex.def)             Requested size: 441.01773pt x 196.00768pt.


Package fancyhdr Warning: \headheight is too small (15.0pt): 
(fancyhdr)                Make it at least 29.85403pt, for example:
(fancyhdr)                \setlength{\headheight}{29.85403pt}.
(fancyhdr)                You might also make \topmargin smaller to compensate:
(fancyhdr)                \addtolength{\topmargin}{-14.85403pt}.

[18]
Overfull \hbox (7.54727pt too wide) in paragraph at lines 170--171
[]\T1/ptm/m/n/12 Dans ces ap-proches, les mo-dles de com-p-tences n'im-pliquent que les l-ments de connais-
 []


Package fancyhdr Warning: \headheight is too small (15.0pt): 
(fancyhdr)                Make it at least 29.85403pt, for example:
(fancyhdr)                \setlength{\headheight}{29.85403pt}.
(fancyhdr)                You might also make \topmargin smaller to compensate:
(fancyhdr)                \addtolength{\topmargin}{-14.85403pt}.

[19 <d:/codeSourceFolder/1111____PFE/pfe_memoire/images/chapitre2/Modles-d'quations-structurelles.png>]
<images/chapitre2/bayesian_network_modeling_aggregationai.png, id=924, 1806.75pt x 803.0pt>
File: images/chapitre2/bayesian_network_modeling_aggregationai.png Graphic file (type png)
<use images/chapitre2/bayesian_network_modeling_aggregationai.png>
Package pdftex.def Info: images/chapitre2/bayesian_network_modeling_aggregationai.png  used on input line 186.
(pdftex.def)             Requested size: 441.01773pt x 196.00768pt.


Package fancyhdr Warning: \headheight is too small (15.0pt): 
(fancyhdr)                Make it at least 29.85403pt, for example:
(fancyhdr)                \setlength{\headheight}{29.85403pt}.
(fancyhdr)                You might also make \topmargin smaller to compensate:
(fancyhdr)                \addtolength{\topmargin}{-14.85403pt}.

[20]
<images/chapitre2/modle_equation_structurelles.png, id=936, 1806.75pt x 803.0pt>
File: images/chapitre2/modle_equation_structurelles.png Graphic file (type png)
<use images/chapitre2/modle_equation_structurelles.png>
Package pdftex.def Info: images/chapitre2/modle_equation_structurelles.png  used on input line 199.
(pdftex.def)             Requested size: 441.01773pt x 196.00768pt.


Package fancyhdr Warning: \headheight is too small (15.0pt): 
(fancyhdr)                Make it at least 29.85403pt, for example:
(fancyhdr)                \setlength{\headheight}{29.85403pt}.
(fancyhdr)                You might also make \topmargin smaller to compensate:
(fancyhdr)                \addtolength{\topmargin}{-14.85403pt}.

[21 <d:/codeSourceFolder/1111____PFE/pfe_memoire/images/chapitre2/bayesian_network_modeling_aggregationai.png>]) (d:/codeSourceFolder\1111____PFE\pfe_memoire\troisiemechapitre.tex

Package fancyhdr Warning: \headheight is too small (15.0pt): 
(fancyhdr)                Make it at least 29.85403pt, for example:
(fancyhdr)                \setlength{\headheight}{29.85403pt}.
(fancyhdr)                You might also make \topmargin smaller to compensate:
(fancyhdr)                \addtolength{\topmargin}{-14.85403pt}.

[22 <d:/codeSourceFolder/1111____PFE/pfe_memoire/images/chapitre2/modle_equation_structurelles.png>]
Chapitre 3.
\openout7 = `main.mtc'.

\openout7 = `main.mtc'.

(d:/codeSourceFolder\1111____PFE\pfe_memoire\main.mtc5) [23

]
<images/chapitre3/Knowledge_component.png, id=969, 1907.125pt x 903.375pt>
File: images/chapitre3/Knowledge_component.png Graphic file (type png)
<use images/chapitre3/Knowledge_component.png>
Package pdftex.def Info: images/chapitre3/Knowledge_component.png  used on input line 18.
(pdftex.def)             Requested size: 441.01773pt x 208.90219pt.
 [24] [25 <d:/codeSourceFolder/1111____PFE/pfe_memoire/images/chapitre3/Knowledge_component.png>]
<images/chapitre3/Items_mapping_structure.png, id=990, 1405.25pt x 803.0pt>
File: images/chapitre3/Items_mapping_structure.png Graphic file (type png)
<use images/chapitre3/Items_mapping_structure.png>
Package pdftex.def Info: images/chapitre3/Items_mapping_structure.png  used on input line 48.
(pdftex.def)             Requested size: 441.01773pt x 252.00287pt.
 [26]
<images/chapitre3/Model_based.png, id=1001, 2509.375pt x 1003.75pt>
File: images/chapitre3/Model_based.png Graphic file (type png)
<use images/chapitre3/Model_based.png>
Package pdftex.def Info: images/chapitre3/Model_based.png  used on input line 61.
(pdftex.def)             Requested size: 441.01773pt x 176.39404pt.
 [27 <d:/codeSourceFolder/1111____PFE/pfe_memoire/images/chapitre3/Items_mapping_structure.png>]
Underfull \hbox (badness 10000) in paragraph at lines 71--72

 []

<images/chapitre3/q_matrix.png, id=1011, 2509.375pt x 1003.75pt>
File: images/chapitre3/q_matrix.png Graphic file (type png)
<use images/chapitre3/q_matrix.png>
Package pdftex.def Info: images/chapitre3/q_matrix.png  used on input line 79.
(pdftex.def)             Requested size: 441.01773pt x 176.39404pt.
[28 <d:/codeSourceFolder/1111____PFE/pfe_memoire/images/chapitre3/Model_based.png>]
<images/chapitre3/Illustration_item_smilarity.png, id=1022, 241.40187pt x 172.14313pt>
File: images/chapitre3/Illustration_item_smilarity.png Graphic file (type png)
<use images/chapitre3/Illustration_item_smilarity.png>
Package pdftex.def Info: images/chapitre3/Illustration_item_smilarity.png  used on input line 92.
(pdftex.def)             Requested size: 241.40128pt x 172.14268pt.
 [29 <d:/codeSourceFolder/1111____PFE/pfe_memoire/images/chapitre3/q_matrix.png>]
<images/chapitre3/calcul_application_similarity.png, id=1033, 577.15625pt x 282.05376pt>
File: images/chapitre3/calcul_application_similarity.png Graphic file (type png)
<use images/chapitre3/calcul_application_similarity.png>
Package pdftex.def Info: images/chapitre3/calcul_application_similarity.png  used on input line 105.
(pdftex.def)             Requested size: 441.01773pt x 215.53369pt.
 [30 <d:/codeSourceFolder/1111____PFE/pfe_memoire/images/chapitre3/Illustration_item_smilarity.png>]
LaTeX Font Info:    Trying to load font information for TS1+lmr on input line 115.
 (C:\Users\abdou\AppData\Local\Programs\MiKTeX\tex/latex/lm\ts1lmr.fd
File: ts1lmr.fd 2009/10/30 v1.6 Font defs for Latin Modern
) [31 <d:/codeSourceFolder/1111____PFE/pfe_memoire/images/chapitre3/calcul_application_similarity.png>]) (d:/codeSourceFolder\1111____PFE\pfe_memoire\cinquiemechapitre.tex [32] [33]
Chapitre 4.
\openout7 = `main.mtc'.

\openout7 = `main.mtc'.

(d:/codeSourceFolder\1111____PFE\pfe_memoire\main.mtc6) [34

]
Underfull \hbox (badness 10000) in paragraph at lines 7--11

 []


Package fancyhdr Warning: \headheight is too small (15.0pt): 
(fancyhdr)                Make it at least 29.85403pt, for example:
(fancyhdr)                \setlength{\headheight}{29.85403pt}.
(fancyhdr)                You might also make \topmargin smaller to compensate:
(fancyhdr)                \addtolength{\topmargin}{-14.85403pt}.

[35]

Package fancyhdr Warning: \headheight is too small (15.0pt): 
(fancyhdr)                Make it at least 29.85403pt, for example:
(fancyhdr)                \setlength{\headheight}{29.85403pt}.
(fancyhdr)                You might also make \topmargin smaller to compensate:
(fancyhdr)                \addtolength{\topmargin}{-14.85403pt}.

[36]

Package fancyhdr Warning: \headheight is too small (15.0pt): 
(fancyhdr)                Make it at least 29.85403pt, for example:
(fancyhdr)                \setlength{\headheight}{29.85403pt}.
(fancyhdr)                You might also make \topmargin smaller to compensate:
(fancyhdr)                \addtolength{\topmargin}{-14.85403pt}.

[37]
<images/chapitre5/prior_likelihood_posterior.png, id=1090, 721.69624pt x 238.39063pt>
File: images/chapitre5/prior_likelihood_posterior.png Graphic file (type png)
<use images/chapitre5/prior_likelihood_posterior.png>
Package pdftex.def Info: images/chapitre5/prior_likelihood_posterior.png  used on input line 61.
(pdftex.def)             Requested size: 441.01773pt x 145.67632pt.

Overfull \hbox (1.05891pt too wide) in paragraph at lines 82--84
\T1/ptm/m/n/12 Habituellement lorsque l'on parle de dis-tri-bu-tion de pro-ba-bi-lit, on sup-pose que nous connais-
 []


Package fancyhdr Warning: \headheight is too small (15.0pt): 
(fancyhdr)                Make it at least 29.85403pt, for example:
(fancyhdr)                \setlength{\headheight}{29.85403pt}.
(fancyhdr)                You might also make \topmargin smaller to compensate:
(fancyhdr)                \addtolength{\topmargin}{-14.85403pt}.

[38 <d:/codeSourceFolder/1111____PFE/pfe_memoire/images/chapitre5/prior_likelihood_posterior.png>]
Underfull \hbox (badness 10000) in paragraph at lines 98--101

 []


Package fancyhdr Warning: \headheight is too small (15.0pt): 
(fancyhdr)                Make it at least 29.85403pt, for example:
(fancyhdr)                \setlength{\headheight}{29.85403pt}.
(fancyhdr)                You might also make \topmargin smaller to compensate:
(fancyhdr)                \addtolength{\topmargin}{-14.85403pt}.

[39]
<images/chapitre5/mcmc_iterations.png, id=1105, 590.205pt x 262.48062pt>
File: images/chapitre5/mcmc_iterations.png Graphic file (type png)
<use images/chapitre5/mcmc_iterations.png>
Package pdftex.def Info: images/chapitre5/mcmc_iterations.png  used on input line 105.
(pdftex.def)             Requested size: 441.01773pt x 196.13506pt.

Overfull \hbox (8.86792pt too wide) in paragraph at lines 111--112
[]\T1/ptm/m/n/12 Plusieurs m-thodes sont uti-li-ses pour construire ces chaines comme : Metropolis-Hastings,
 []


Underfull \hbox (badness 10000) in paragraph at lines 122--125

 []


Underfull \hbox (badness 10000) in paragraph at lines 122--125

 []


Package fancyhdr Warning: \headheight is too small (15.0pt): 
(fancyhdr)                Make it at least 29.85403pt, for example:
(fancyhdr)                \setlength{\headheight}{29.85403pt}.
(fancyhdr)                You might also make \topmargin smaller to compensate:
(fancyhdr)                \addtolength{\topmargin}{-14.85403pt}.

[40 <d:/codeSourceFolder/1111____PFE/pfe_memoire/images/chapitre5/mcmc_iterations.png>]

Package fancyhdr Warning: \headheight is too small (15.0pt): 
(fancyhdr)                Make it at least 29.85403pt, for example:
(fancyhdr)                \setlength{\headheight}{29.85403pt}.
(fancyhdr)                You might also make \topmargin smaller to compensate:
(fancyhdr)                \addtolength{\topmargin}{-14.85403pt}.

[41]
Underfull \hbox (badness 10000) in paragraph at lines 153--156

 []


Package fancyhdr Warning: \headheight is too small (15.0pt): 
(fancyhdr)                Make it at least 29.85403pt, for example:
(fancyhdr)                \setlength{\headheight}{29.85403pt}.
(fancyhdr)                You might also make \topmargin smaller to compensate:
(fancyhdr)                \addtolength{\topmargin}{-14.85403pt}.

[42]
<images/chapitre5/irt_models.jpg, id=1131, 540.48734pt x 387.49022pt>
File: images/chapitre5/irt_models.jpg Graphic file (type jpg)
<use images/chapitre5/irt_models.jpg>
Package pdftex.def Info: images/chapitre5/irt_models.jpg  used on input line 159.
(pdftex.def)             Requested size: 441.01773pt x 316.18309pt.


Package fancyhdr Warning: \headheight is too small (15.0pt): 
(fancyhdr)                Make it at least 29.85403pt, for example:
(fancyhdr)                \setlength{\headheight}{29.85403pt}.
(fancyhdr)                You might also make \topmargin smaller to compensate:
(fancyhdr)                \addtolength{\topmargin}{-14.85403pt}.

[43 <d:/codeSourceFolder/1111____PFE/pfe_memoire/images/chapitre5/irt_models.jpg>]
<images/chapitre5/parameters_probability.png, id=1139, 561.59813pt x 352.31625pt>
File: images/chapitre5/parameters_probability.png Graphic file (type png)
<use images/chapitre5/parameters_probability.png>
Package pdftex.def Info: images/chapitre5/parameters_probability.png  used on input line 179.
(pdftex.def)             Requested size: 441.01773pt x 276.671pt.


Package fancyhdr Warning: \headheight is too small (15.0pt): 
(fancyhdr)                Make it at least 29.85403pt, for example:
(fancyhdr)                \setlength{\headheight}{29.85403pt}.
(fancyhdr)                You might also make \topmargin smaller to compensate:
(fancyhdr)                \addtolength{\topmargin}{-14.85403pt}.

[44 <d:/codeSourceFolder/1111____PFE/pfe_memoire/images/chapitre5/parameters_probability.png>]
Overfull \hbox (1.62004pt too wide) in paragraph at lines 191--192
[]\T1/ptm/m/n/12 Infrence sta-tis-tique bay-sienne com-plte avec chan-tillon-nage MCMC (NUTS, HMC) 
 []


Package fancyhdr Warning: \headheight is too small (15.0pt): 
(fancyhdr)                Make it at least 29.85403pt, for example:
(fancyhdr)                \setlength{\headheight}{29.85403pt}.
(fancyhdr)                You might also make \topmargin smaller to compensate:
(fancyhdr)                \addtolength{\topmargin}{-14.85403pt}.

[45]
LaTeX Font Info:    Trying to load font information for TS1+ptm on input line 238.
 (C:\Users\abdou\AppData\Local\Programs\MiKTeX\tex/latex/psnfss\ts1ptm.fd
File: ts1ptm.fd 2001/06/04 font definitions for TS1/ptm.
)) (d:/codeSourceFolder\1111____PFE\pfe_memoire\sixiemechapitre.tex

Package fancyhdr Warning: \headheight is too small (15.0pt): 
(fancyhdr)                Make it at least 29.85403pt, for example:
(fancyhdr)                \setlength{\headheight}{29.85403pt}.
(fancyhdr)                You might also make \topmargin smaller to compensate:
(fancyhdr)                \addtolength{\topmargin}{-14.85403pt}.

[46]

Package fancyhdr Warning: \headheight is too small (15.0pt): 
(fancyhdr)                Make it at least 29.85403pt, for example:
(fancyhdr)                \setlength{\headheight}{29.85403pt}.
(fancyhdr)                You might also make \topmargin smaller to compensate:
(fancyhdr)                \addtolength{\topmargin}{-14.85403pt}.

[47]
Chapitre 5.
\openout7 = `main.mtc'.

\openout7 = `main.mtc'.

(d:/codeSourceFolder\1111____PFE\pfe_memoire\main.mtc7) [48

]
Underfull \hbox (badness 10000) in paragraph at lines 11--12

 []

[49]
Overfull \hbox (6.27158pt too wide) in paragraph at lines 21--31
 [][] 
 []


Overfull \hbox (30.26167pt too wide) in paragraph at lines 40--54
 [][] 
 []

<images/chapitre6/iris_inter_intra_clusters.png, id=1231, 987.69pt x 690.58pt>
File: images/chapitre6/iris_inter_intra_clusters.png Graphic file (type png)
<use images/chapitre6/iris_inter_intra_clusters.png>
Package pdftex.def Info: images/chapitre6/iris_inter_intra_clusters.png  used on input line 62.
(pdftex.def)             Requested size: 441.01773pt x 308.34506pt.
[50] [51 <d:/codeSourceFolder/1111____PFE/pfe_memoire/images/chapitre6/iris_inter_intra_clusters.png>]
<images/chapitre6/single_linkage.png, id=1243, 798.985pt x 581.17125pt>
File: images/chapitre6/single_linkage.png Graphic file (type png)
<use images/chapitre6/single_linkage.png>
Package pdftex.def Info: images/chapitre6/single_linkage.png  used on input line 83.
(pdftex.def)             Requested size: 239.69734pt x 174.35272pt.
<images/chapitre6/complet_linkage.png, id=1247, 798.985pt x 581.17125pt>
File: images/chapitre6/complet_linkage.png Graphic file (type png)
<use images/chapitre6/complet_linkage.png>
Package pdftex.def Info: images/chapitre6/complet_linkage.png  used on input line 116.
(pdftex.def)             Requested size: 239.69734pt x 174.35272pt.
 [52 <d:/codeSourceFolder/1111____PFE/pfe_memoire/images/chapitre6/single_linkage.png> <d:/codeSourceFolder/1111____PFE/pfe_memoire/images/chapitre6/complet_linkage.png>] [53]

LaTeX Warning: Command \` invalid in math mode on input line 203.

[54]
<images/chapitre6/agglo_clustering.png, id=1290, 798.985pt x 581.17125pt>
File: images/chapitre6/agglo_clustering.png Graphic file (type png)
<use images/chapitre6/agglo_clustering.png>
Package pdftex.def Info: images/chapitre6/agglo_clustering.png  used on input line 224.
(pdftex.def)             Requested size: 199.16928pt x 144.87566pt.
<images/chapitre6/dendrogram.png, id=1291, 798.985pt x 577.15625pt>
File: images/chapitre6/dendrogram.png Graphic file (type png)
<use images/chapitre6/dendrogram.png>
Package pdftex.def Info: images/chapitre6/dendrogram.png  used on input line 226.
(pdftex.def)             Requested size: 199.16928pt x 143.87479pt.
 [55]
<images/chapitre6/hierarchical_agglo_divisive.png, id=1303, 1505.625pt x 903.375pt>
File: images/chapitre6/hierarchical_agglo_divisive.png Graphic file (type png)
<use images/chapitre6/hierarchical_agglo_divisive.png>
Package pdftex.def Info: images/chapitre6/hierarchical_agglo_divisive.png  used on input line 237.
(pdftex.def)             Requested size: 225.834pt x 135.5004pt.

Underfull \hbox (badness 10000) in paragraph at lines 244--248

 []

[56 <d:/codeSourceFolder/1111____PFE/pfe_memoire/images/chapitre6/agglo_clustering.png> <d:/codeSourceFolder/1111____PFE/pfe_memoire/images/chapitre6/dendrogram.png> <d:/codeSourceFolder/1111____PFE/pfe_memoire/images/chapitre6/hierarchical_agglo_divisive.png>] [57] [58]
<images/chapitre6/kmeans_steps.png, id=1343, 3011.25pt x 1505.625pt>
File: images/chapitre6/kmeans_steps.png Graphic file (type png)
<use images/chapitre6/kmeans_steps.png>
Package pdftex.def Info: images/chapitre6/kmeans_steps.png  used on input line 280.
(pdftex.def)             Requested size: 441.01773pt x 220.50404pt.
 [59 <d:/codeSourceFolder/1111____PFE/pfe_memoire/images/chapitre6/kmeans_steps.png>]
Underfull \hbox (badness 10000) in paragraph at lines 303--304

 []

LaTeX Info: Symbol \textasciiacute not provided by
            font family ptm in TS1 encoding.
            Default family used instead on input line 305.
[60]
<images/chapitre6/elbow_methods.png, id=1364, 727.71875pt x 486.81876pt>
File: images/chapitre6/elbow_methods.png Graphic file (type png)
<use images/chapitre6/elbow_methods.png>
Package pdftex.def Info: images/chapitre6/elbow_methods.png  used on input line 314.
(pdftex.def)             Requested size: 363.85847pt x 243.40878pt.

Underfull \hbox (badness 10000) in paragraph at lines 329--333

 []

[61 <d:/codeSourceFolder/1111____PFE/pfe_memoire/images/chapitre6/elbow_methods.png>] [62]

LaTeX Warning: Command \textless invalid in math mode on input line 340.


LaTeX Warning: Command \textless invalid in math mode on input line 348.

<images/chapitre6/data_for_fuzzy.png, id=1386, 1067.99pt x 620.3175pt>
File: images/chapitre6/data_for_fuzzy.png Graphic file (type png)
<use images/chapitre6/data_for_fuzzy.png>
Package pdftex.def Info: images/chapitre6/data_for_fuzzy.png  used on input line 357.
(pdftex.def)             Requested size: 199.16928pt x 115.67506pt.
<images/chapitre6/fuzzyExemple.png, id=1389, 1067.99pt x 620.3175pt>
File: images/chapitre6/fuzzyExemple.png Graphic file (type png)
<use images/chapitre6/fuzzyExemple.png>
Package pdftex.def Info: images/chapitre6/fuzzyExemple.png  used on input line 359.
(pdftex.def)             Requested size: 199.16928pt x 115.67506pt.
[63 <d:/codeSourceFolder/1111____PFE/pfe_memoire/images/chapitre6/data_for_fuzzy.png> <d:/codeSourceFolder/1111____PFE/pfe_memoire/images/chapitre6/fuzzyExemple.png>]
Underfull \hbox (badness 10000) in paragraph at lines 377--377
[]|\T1/lmr/bx/n/12 (+20) Distribution
 []


Underfull \hbox (badness 2213) in paragraph at lines 377--377
\T1/lmr/bx/n/12 (+20) ba-sed Clus-te-
 []


Underfull \hbox (badness 1019) in paragraph at lines 377--377
\T1/lmr/m/n/12 (+20) don-nes, les clus-ters
 []


Underfull \hbox (badness 4132) in paragraph at lines 377--377
\T1/lmr/m/n/12 (+20) sont d-ri-vs de di-
 []


Underfull \hbox (badness 7522) in paragraph at lines 377--377
\T1/lmr/m/n/12 (+20) peut pas tre
 []


Underfull \hbox (badness 10000) in paragraph at lines 377--377
\T1/lmr/m/n/12 (+20) Mo-dels, DB-
 []


Underfull \hbox (badness 10000) in paragraph at lines 378--378
\T1/lmr/bx/n/12 (+20) Clus-te-ring
 []


Underfull \hbox (badness 10000) in paragraph at lines 378--378
\T1/lmr/bx/n/12 (+20) (Model-based
 []


Underfull \hbox (badness 7522) in paragraph at lines 378--378
\T1/lmr/m/n/12 (+20) peut pas tre
 []


Underfull \hbox (badness 10000) in paragraph at lines 378--378
[]|\T1/lmr/m/n/12 (+20) DENCAST,
 []


Underfull \hbox (badness 10000) in paragraph at lines 379--379
[]|\T1/lmr/bx/n/12 (+20) Constraint
 []


Underfull \hbox (badness 10000) in paragraph at lines 379--379
\T1/lmr/bx/n/12 (+20) vi-sed Clus-te-
 []


Overfull \hbox (1.09206pt too wide) in paragraph at lines 379--379
[]|\T1/lmr/m/n/12 (-20) Surapprentissage,
 []


Underfull \hbox (badness 10000) in paragraph at lines 379--379
\T1/lmr/m/n/12 (+20) ca-tion er-ro-ne,
 []


Underfull \hbox (badness 10000) in paragraph at lines 379--379
\T1/lmr/m/n/12 (+20) en-sembles de
 []


Underfull \hbox (badness 10000) in paragraph at lines 379--379
\T1/lmr/m/n/12 (+20) don-nes plus
 []


Underfull \hbox (badness 7291) in paragraph at lines 379--379
[]|\T1/lmr/m/n/12 (+20) Decision Trees,
 []


Underfull \hbox (badness 5652) in paragraph at lines 379--379
\T1/lmr/m/n/12 (+20) Gra-dient Boos-
 []

[64]
Underfull \hbox (badness 10000) in paragraph at lines 400--400

 []


Underfull \hbox (badness 10000) in paragraph at lines 401--401
[]|\T1/lmr/bx/n/12 (+20) Indice
 []


Underfull \hbox (badness 10000) in paragraph at lines 401--401
\T1/lmr/bx/n/12 (+20) Calinski-
 []


Underfull \hbox (badness 1668) in paragraph at lines 402--402
\T1/lmr/m/n/12 (+20) un rap-port entre la ma-
 []


Underfull \hbox (badness 10000) in paragraph at lines 403--403
[]|\T1/lmr/bx/n/12 (+20) Indice
 []


Underfull \hbox (badness 10000) in paragraph at lines 403--403
\T1/lmr/bx/n/12 (+20) Davies-
 []


Underfull \hbox (badness 5460) in paragraph at lines 403--403
[]|\T1/lmr/m/n/12 (+20) Semblable  l'in-dice de
 []


Underfull \hbox (badness 10000) in paragraph at lines 403--403
\T1/lmr/m/n/12 (+20) Dunn, l'in-dice Davies-
 []


Underfull \hbox (badness 10000) in paragraph at lines 404--404
[]|\T1/lmr/bx/n/12 (+20) Indice
 []


Underfull \hbox (badness 10000) in paragraph at lines 404--404
\T1/lmr/bx/n/12 (+20) de sil-
 []

[65]
Underfull \hbox (badness 10000) in paragraph at lines 422--422
[]|$\OML/lmm/m/it/12 V[] \OT1/lmr/m/n/12 (+20) = [] \OML/lmm/m/it/12 PCAES[] \OT1/lmr/m/n/12 (+20) = [] [] \OML/lmm/m/it/12 u[]=u[] \OMS/lmsy/m/n/12  
 []


Underfull \hbox (badness 5345) in paragraph at lines 423--423
[]|$\OML/lmm/m/it/12 V[] \OT1/lmr/m/n/12 (+20) = \OML/lmm/m/it/12 J[]\OT1/lmr/m/n/12 (+20) (\OML/lmm/m/it/12 U; V\OT1/lmr/m/n/12 (+20) ) \OMS/lmsy/m/n/12   \OML/lmm/m/it/12 K[]\OT1/lmr/m/n/12 (+20) (\OML/lmm/m/it/12 U; V\OT1/lmr/m/n/12 (+20) ) = [] [] \OML/lmm/m/it/12 u[] [][] \OMS/lmsy/m/n/12  
 []

[66]) [67] [68

] (d:/codeSourceFolder\1111____PFE\pfe_memoire\septiemechapitre.tex
Chapitre 6.
\openout7 = `main.mtc'.

\openout7 = `main.mtc'.

(d:/codeSourceFolder\1111____PFE\pfe_memoire\main.mtc8) [69

]) (d:/codeSourceFolder\1111____PFE\pfe_memoire\conclusiongenerale.tex [70]) [71

] (d:/codeSourceFolder\1111____PFE\pfe_memoire\main.bbl [72


] [73] [74] [75] [76])
Package minitoc Info: I0009
(minitoc)             Listing minitoc auxiliary files. 
(minitoc)             Creating the main.maf file.
\openout7 = `main.maf'.

Package minitoc(hints) Info: I0053
(minitoc(hints))             You have loaded the float package; 
(minitoc(hints))             please be aware that the minitoc package 
(minitoc(hints))             facilities can not be used for new types 
(minitoc(hints))             of floats defined by the float package.


Package minitoc(hints) Warning: W0024
(minitoc(hints))                Some hints have been written 
(minitoc(hints))                in the main.log file.

[77] (d:/codeSourceFolder\1111____PFE\pfe_memoire\main.aux)
Package rerunfilecheck Info: File `main.out' has not changed.
(rerunfilecheck)             Checksum: 9AA0741664FD61AFC63BBA78B56C09AF;10353.


LaTeX Warning: There were multiply-defined labels.

 ) 
Here is how much of TeX's memory you used:
 41746 strings out of 479696
 915359 string characters out of 2867115
 1459835 words of memory out of 3000000
 57248 multiletter control sequences out of 15000+200000
 499666 words of font info for 155 fonts, out of 3000000 for 9000
 1141 hyphenation exceptions out of 8191
 108i,19n,111p,1738b,2420s stack positions out of 5000i,500n,10000p,200000b,50000s
pdfTeX warning (dest): name{cite.buche\\penalty\040\\@M\040\040:tel-00011223} has been referenced but does not exist, replaced by a fixed one

 <C:\Users\abdou\AppData\Local\MiKTeX\fonts/pk/ljfour/jknappen/ec/dpi600\tcrm1200.pk>{C:/Users/abdou/AppData/Local/Programs/MiKTeX/fonts/enc/dvips/lm/lm-rm.enc}{C:/Users/abdou/AppData/Local/Programs/MiKTeX/fonts/enc/dvips/lm/lm-mathsy.enc}{C:/Users/abdou/AppData/Local/Programs/MiKTeX/fonts/enc/dvips/lm/lm-mathit.enc}{C:/Users/abdou/AppData/Local/Programs/MiKTeX/fonts/enc/dvips/base/8r.enc}{C:/Users/abdou/AppData/Local/Programs/MiKTeX/fonts/enc/dvips/lm/lm-mathex.enc}{C:/Users/abdou/AppData/Local/Programs/MiKTeX/fonts/enc/dvips/lm/lm-ts1.enc}{C:/Users/abdou/AppData/Local/Programs/MiKTeX/fonts/enc/dvips/lm/lm-ec.enc}<C:/Users/abdou/AppData/Local/Programs/MiKTeX/fonts/type1/public/lm/lmbx10.pfb><C:/Users/abdou/AppData/Local/Programs/MiKTeX/fonts/type1/public/lm/lmbx12.pfb><C:/Users/abdou/AppData/Local/Programs/MiKTeX/fonts/type1/public/lm/lmcsc10.pfb><C:/Users/abdou/AppData/Local/Programs/MiKTeX/fonts/type1/public/lm/lmex10.pfb><C:/Users/abdou/AppData/Local/Programs/MiKTeX/fonts/type1/public/lm/lmmi12.pfb><C:/Users/abdou/AppData/Local/Programs/MiKTeX/fonts/type1/public/lm/lmmi6.pfb><C:/Users/abdou/AppData/Local/Programs/MiKTeX/fonts/type1/public/lm/lmmi8.pfb><C:/Users/abdou/AppData/Local/Programs/MiKTeX/fonts/type1/public/lm/lmr10.pfb><C:/Users/abdou/AppData/Local/Programs/MiKTeX/fonts/type1/public/lm/lmr12.pfb><C:/Users/abdou/AppData/Local/Programs/MiKTeX/fonts/type1/public/lm/lmr6.pfb><C:/Users/abdou/AppData/Local/Programs/MiKTeX/fonts/type1/public/lm/lmr8.pfb><C:/Users/abdou/AppData/Local/Programs/MiKTeX/fonts/type1/public/lm/lmsy10.pfb><C:/Users/abdou/AppData/Local/Programs/MiKTeX/fonts/type1/public/lm/lmsy6.pfb><C:/Users/abdou/AppData/Local/Programs/MiKTeX/fonts/type1/public/lm/lmsy8.pfb><C:/Users/abdou/AppData/Local/Programs/MiKTeX/fonts/type1/urw/times/utmb8a.pfb><C:/Users/abdou/AppData/Local/Programs/MiKTeX/fonts/type1/urw/times/utmr8a.pfb><C:/Users/abdou/AppData/Local/Programs/MiKTeX/fonts/type1/urw/times/utmri8a.pfb>
Output written on d:/codeSourceFolder\1111____PFE\pfe_memoire\main.pdf (85 pages, 2434609 bytes).
PDF statistics:
 1647 PDF objects out of 1728 (max. 8388607)
 398 named destinations out of 1000 (max. 500000)
 47763 words of extra memory for PDF output out of 51595 (max. 10000000)

